<?xml version="1.0" encoding="UTF-8" ?>
<testsuite errors="1" failures="0" hostname="DESKTOP-4BOC66J" name="sample.UtilsTest" skipped="1" tests="4" time="1.247" timestamp="2020-03-04T12:47:43">
  <properties>
    <property name="libs.jsp-compiler.javadoc" value="" />
    <property name="netbeans.autoupdate.country" value="ES" />
    <property name="nb.wait.for.caches" value="true" />
    <property name="javac.test.classpath" value=":build/classes:C:\Program Files\NetBeans 8.2\platform\modules\ext\junit-4.12.jar:C:\Program Files\NetBeans 8.2\platform\modules\ext\hamcrest-core-1.3.jar" />
    <property name="libs.jsf20.maven-pom" value="" />
    <property name="libs.DataBindingME.src" value="C:\Program Files\NetBeans 8.2\mobility\sources\netbeans_databindingme-src.zip" />
    <property name="libs.spring-webmvc4.0.src" value="" />
    <property name="ant.core.lib" value="C:\Program Files\NetBeans 8.2\extide\ant\lib\ant.jar" />
    <property name="javadoc.windowtitle" value="" />
    <property name="libs.jsp-compilation.javadoc" value="" />
    <property name="user.dir" value="D:\NetBeans\Proyectos\JUnit-Sample" />
    <property name="libs.javaee-api-7.0.src" value="" />
    <property name="java.vm.version" value="25.241-b07" />
    <property name="libs.DataBindingME.classpath" value="C:\Program Files\NetBeans 8.2\mobility\modules\ext\netbeans_databindingme.jar" />
    <property name="libs.j2me_common_ant.src" value="" />
    <property name="libs.MySQLDriver.classpath" value="C:\Program Files\NetBeans 8.2\ide\modules\ext\mysql-connector-java-5.1.23-bin.jar" />
    <property name="libs.eclipselinkmodelgen.src" value="" />
    <property name="javadoc.notree" value="false" />
    <property name="netbeans.autoupdate.version" value="1.23" />
    <property name="libs.javaee-web-api-6.0.classpath" value="C:\Program Files\NetBeans 8.2\enterprise\modules\ext\javaee-web-api-6.0.jar" />
    <property name="libs.DataBindingME-PIM.maven-pom" value="" />
    <property name="javac.profile.cmd.line.arg" value="" />
    <property name="jdk.home" value="C:\Program Files\Java\jdk1.8.0_241" />
    <property name="libs.javac-api.src" value="" />
    <property name="javadoc.noindex" value="false" />
    <property name="libs.jpa2-persistence.classpath" value="C:\Program Files\NetBeans 8.2\java\modules\ext\hibernate4\hibernate-jpa-2.1-api-1.0.0.Final.jar" />
    <property name="sun.os.patch.level" value="" />
    <property name="java.vm.specification.name" value="Java Virtual Machine Specification" />
    <property name="nb.show.statistics.ui" value="usageStatisticsEnabled" />
    <property name="netbeans.autoupdate.variant" value="" />
    <property name="have.tests" value="true" />
    <property name="org.xml.sax.driver" value="com.sun.org.apache.xerces.internal.jaxp.SAXParserImpl$JAXPSAXParser" />
    <property name="libs.hamcrest.classpath" value="C:\Program Files\NetBeans 8.2\platform\modules\ext\hamcrest-core-1.3.jar" />
    <property name="libs.javac-api.javadoc" value="" />
    <property name="os.name" value="Windows 10" />
    <property name="libs.beans-binding.classpath" value="C:\Program Files\NetBeans 8.2\java\modules\ext\beansbinding-1.2.1.jar" />
    <property name="libs.javaee-endorsed-api-7.0.maven-pom" value="" />
    <property name="ap.proc.none.internal" value="" />
    <property name="libs.DataBindingME-SVG.javadoc" value="C:\Program Files\NetBeans 8.2\mobility\modules\docs\netbeans_databindingme_svg-api.zip" />
    <property name="libs.restapi.javadoc" value="" />
    <property name="libs.JWSAntTasks.maven-pom" value="" />
    <property name="libs.jstl.classpath" value="C:\Program Files\NetBeans 8.2\enterprise\modules\ext\jstl-impl.jar;C:\Program Files\NetBeans 8.2\enterprise\modules\ext\jstl-api.jar" />
    <property name="libs.testng.src" value="" />
    <property name="libs.spring-webmvc3.0.src" value="" />
    <property name="libs.restapi.classpath" value="C:\Program Files\NetBeans 8.2\enterprise\modules\ext\jaxrs-2.0\javax.ws.rs-api-2.0.jar" />
    <property name="java.vendor.url.bug" value="http://bugreport.sun.com/bugreport/" />
    <property name="libs.jaxb.maven-pom" value="" />
    <property name="os.arch" value="amd64" />
    <property name="libs.eclipselink.src" value="" />
    <property name="user.name" value="scorp" />
    <property name="libs.jsf12.javadoc" value="C:\Program Files\NetBeans 8.2\enterprise\docs\javaee-doc-api.jar" />
    <property name="copylibs.rebase" value="true" />
    <property name="libs.j2me_common_ant.maven-pom" value="" />
    <property name="libs.spring-webmvc3.0.maven-pom" value="" />
    <property name="libs.swing-layout.maven-pom" value="" />
    <property name="sun.java.command" value="org.apache.tools.ant.taskdefs.optional.junit.JUnitTestRunner sample.UtilsTest skipNonTests=false filtertrace=true haltOnError=false haltOnFailure=false showoutput=true outputtoformatters=true logfailedtests=true threadid=0 logtestlistenerevents=true formatter=org.apache.tools.ant.taskdefs.optional.junit.BriefJUnitResultFormatter formatter=org.apache.tools.ant.taskdefs.optional.junit.XMLJUnitResultFormatter,D:\NetBeans\Proyectos\JUnit-Sample\build\test\results\TEST-sample.UtilsTest.xml crashfile=D:\NetBeans\Proyectos\JUnit-Sample\build\junitvmwatcher9174498492195314250.properties propsfile=D:\NetBeans\Proyectos\JUnit-Sample\build\junit3822294724320407888.properties" />
    <property name="build.classes.dir" value="build/classes" />
    <property name="netbeans.accept_license_class" value="org.netbeans.license.AcceptLicense" />
    <property name="build.sysclasspath" value="ignore" />
    <property name="manifest.encoding" value="UTF-8" />
    <property name="ap.supported.internal" value="true" />
    <property name="java.failonerror" value="true" />
    <property name="libs.javaee-endorsed-api-7.0.javadoc" value="C:\Program Files\NetBeans 8.2\enterprise\docs\javaee-doc-api.jar" />
    <property name="libs.jaxws21.javadoc" value="C:\Program Files\NetBeans 8.2\java\docs\jaxws-api-doc.zip" />
    <property name="libs.spring-webmvc4.0.javadoc" value="" />
    <property name="includes" value="**" />
    <property name="user.country" value="ES" />
    <property name="javadoc.encoding" value="UTF-8" />
    <property name="javac.classpath" value="" />
    <property name="libs.jsp-compilation-syscp.src" value="" />
    <property name="libs.spring-framework400.classpath" value="C:\Program Files\NetBeans 8.2\ide\modules\org-apache-commons-logging.jar;C:\Program Files\NetBeans 8.2\java\modules\ext\cglib-2.2.jar;C:\Program Files\NetBeans 8.2\java\modules\ext\spring-4\spring-aop-4.0.1.RELEASE.jar;C:\Program Files\NetBeans 8.2\java\modules\ext\spring-4\spring-aspects-4.0.1.RELEASE.jar;C:\Program Files\NetBeans 8.2\java\modules\ext\spring-4\spring-beans-4.0.1.RELEASE.jar;C:\Program Files\NetBeans 8.2\java\modules\ext\spring-4\spring-build-src-4.0.1.RELEASE.jar;C:\Program Files\NetBeans 8.2\java\modules\ext\spring-4\spring-context-4.0.1.RELEASE.jar;C:\Program Files\NetBeans 8.2\java\modules\ext\spring-4\spring-context-support-4.0.1.RELEASE.jar;C:\Program Files\NetBeans 8.2\java\modules\ext\spring-4\spring-core-4.0.1.RELEASE.jar;C:\Program Files\NetBeans 8.2\java\modules\ext\spring-4\spring-expression-4.0.1.RELEASE.jar;C:\Program Files\NetBeans 8.2\java\modules\ext\spring-4\spring-framework-bom-4.0.1.RELEASE.jar;C:\Program Files\NetBeans 8.2\java\modules\ext\spring-4\spring-instrument-4.0.1.RELEASE.jar;C:\Program Files\NetBeans 8.2\java\modules\ext\spring-4\spring-instrument-tomcat-4.0.1.RELEASE.jar;C:\Program Files\NetBeans 8.2\java\modules\ext\spring-4\spring-jdbc-4.0.1.RELEASE.jar;C:\Program Files\NetBeans 8.2\java\modules\ext\spring-4\spring-jms-4.0.1.RELEASE.jar;C:\Program Files\NetBeans 8.2\java\modules\ext\spring-4\spring-messaging-4.0.1.RELEASE.jar;C:\Program Files\NetBeans 8.2\java\modules\ext\spring-4\spring-orm-4.0.1.RELEASE.jar;C:\Program Files\NetBeans 8.2\java\modules\ext\spring-4\spring-oxm-4.0.1.RELEASE.jar;C:\Program Files\NetBeans 8.2\java\modules\ext\spring-4\spring-test-4.0.1.RELEASE.jar;C:\Program Files\NetBeans 8.2\java\modules\ext\spring-4\spring-tx-4.0.1.RELEASE.jar;C:\Program Files\NetBeans 8.2\java\modules\ext\spring-4\spring-web-4.0.1.RELEASE.jar;C:\Program Files\NetBeans 8.2\java\modules\ext\spring-4\spring-webmvc-4.0.1.RELEASE.jar;C:\Program Files\NetBeans 8.2\java\modules\ext\spring-4\spring-webmvc-portlet-4.0.1.RELEASE.jar;C:\Program Files\NetBeans 8.2\java\modules\ext\spring-4\spring-websocket-4.0.1.RELEASE.jar" />
    <property name="debug-transport" value="dt_shmem" />
    <property name="netbeans.home" value="C:\Program Files\NetBeans 8.2\platform" />
    <property name="build.compiler.emacs" value="true" />
    <property name="libs.javaee-web-api-6.0.src" value="" />
    <property name="libs.jsp-compilation-syscp.classpath" value="C:\Program Files\NetBeans 8.2\extide\ant\lib\ant.jar;C:\Program Files\NetBeans 8.2\enterprise\modules\ext\servlet3.1-jsp2.3-api.jar;C:\Program Files\NetBeans 8.2\enterprise\modules\ext\glassfish-jspparser-4.0.jar;C:\Program Files\NetBeans 8.2\enterprise\modules\ext\jstl-impl.jar;C:\Program Files\NetBeans 8.2\enterprise\modules\ext\jsf-2_2\javax.faces.jar" />
    <property name="java.endorsed.dirs" value="C:\Program Files\Java\jdk1.8.0_241\jre\lib\endorsed" />
    <property name="libs.groovy-all.src" value="" />
    <property name="netbeans.dynamic.classpath" value="C:\Program Files\NetBeans 8.2\platform\core\asm-all-5.0.1.jar;C:\Program Files\NetBeans 8.2\platform\core\core-base.jar;C:\Program Files\NetBeans 8.2\platform\core\core.jar;C:\Program Files\NetBeans 8.2\platform\core\org-netbeans-libs-asm.jar;C:\Program Files\NetBeans 8.2\platform\core\org-openide-filesystems-compat8.jar;C:\Program Files\NetBeans 8.2\platform\core\org-openide-filesystems.jar;C:\Program Files\NetBeans 8.2\platform\core\locale\core-base_ja.jar;C:\Program Files\NetBeans 8.2\platform\core\locale\core-base_pt_BR.jar;C:\Program Files\NetBeans 8.2\platform\core\locale\core-base_ru.jar;C:\Program Files\NetBeans 8.2\platform\core\locale\core-base_zh_CN.jar;C:\Program Files\NetBeans 8.2\platform\core\locale\core_ja.jar;C:\Program Files\NetBeans 8.2\platform\core\locale\core_pt_BR.jar;C:\Program Files\NetBeans 8.2\platform\core\locale\core_ru.jar;C:\Program Files\NetBeans 8.2\platform\core\locale\core_zh_CN.jar;C:\Program Files\NetBeans 8.2\platform\core\locale\org-netbeans-libs-asm_ja.jar;C:\Program Files\NetBeans 8.2\platform\core\locale\org-netbeans-libs-asm_pt_BR.jar;C:\Program Files\NetBeans 8.2\platform\core\locale\org-netbeans-libs-asm_ru.jar;C:\Program Files\NetBeans 8.2\platform\core\locale\org-netbeans-libs-asm_zh_CN.jar;C:\Program Files\NetBeans 8.2\platform\core\locale\org-openide-filesystems-compat8_ja.jar;C:\Program Files\NetBeans 8.2\platform\core\locale\org-openide-filesystems-compat8_pt_BR.jar;C:\Program Files\NetBeans 8.2\platform\core\locale\org-openide-filesystems-compat8_ru.jar;C:\Program Files\NetBeans 8.2\platform\core\locale\org-openide-filesystems-compat8_zh_CN.jar;C:\Program Files\NetBeans 8.2\platform\core\locale\org-openide-filesystems_ja.jar;C:\Program Files\NetBeans 8.2\platform\core\locale\org-openide-filesystems_pt_BR.jar;C:\Program Files\NetBeans 8.2\platform\core\locale\org-openide-filesystems_ru.jar;C:\Program Files\NetBeans 8.2\platform\core\locale\org-openide-filesystems_zh_CN.jar;C:\Program Files\NetBeans 8.2\nb\core\org-netbeans-upgrader.jar;C:\Program Files\NetBeans 8.2\nb\core\locale\core_nb.jar;C:\Program Files\NetBeans 8.2\nb\core\locale\core_nb_ja.jar;C:\Program Files\NetBeans 8.2\nb\core\locale\core_nb_pt_BR.jar;C:\Program Files\NetBeans 8.2\nb\core\locale\core_nb_ru.jar;C:\Program Files\NetBeans 8.2\nb\core\locale\core_nb_zh_CN.jar;C:\Program Files\NetBeans 8.2\nb\core\locale\org-netbeans-upgrader_ja.jar;C:\Program Files\NetBeans 8.2\nb\core\locale\org-netbeans-upgrader_pt_BR.jar;C:\Program Files\NetBeans 8.2\nb\core\locale\org-netbeans-upgrader_ru.jar;C:\Program Files\NetBeans 8.2\nb\core\locale\org-netbeans-upgrader_zh_CN.jar" />
    <property name="java.vm.specification.version" value="1.8" />
    <property name="libs.hibernate4-support.src" value="" />
    <property name="libs.primefaces.classpath" value="C:\Program Files\NetBeans 8.2\enterprise\modules\ext\primefaces\primefaces-5.0.jar" />
    <property name="libs.javaee-api-6.0.classpath" value="C:\Program Files\NetBeans 8.2\enterprise\modules\ext\javaee-api-6.0.jar" />
    <property name="libs.groovy-all.maven-pom" value="" />
    <property name="netbeans.productversion" value="NetBeans IDE 8.2 (Build 201609300101)" />
    <property name="libs.jaxws21.src" value="" />
    <property name="do.archive" value="true" />
    <property name="netbeans.autoupdate.language" value="es" />
    <property name="java.vendor" value="Oracle Corporation" />
    <property name="libs.javaee-api-6.0.javadoc" value="C:\Program Files\NetBeans 8.2\enterprise\docs\javaee-doc-api.jar" />
    <property name="jar.index.metainf" value="false" />
    <property name="javac.debug" value="true" />
    <property name="javadoc.splitindex" value="true" />
    <property name="file.separator" value="\" />
    <property name="libs.junit_4.maven-pom" value="" />
    <property name="mkdist.disabled" value="true" />
    <property name="javac.test.processorpath" value=":build/classes:C:\Program Files\NetBeans 8.2\platform\modules\ext\junit-4.12.jar:C:\Program Files\NetBeans 8.2\platform\modules\ext\hamcrest-core-1.3.jar" />
    <property name="netbeans.buildnumber" value="201609300101" />
    <property name="libs.JWSAntTasks.javadoc" value="" />
    <property name="build.generated.sources.dir" value="build/generated-sources" />
    <property name="user.variant" value="" />
    <property name="libs.eclipselinkmodelgen.classpath" value="C:\Program Files\NetBeans 8.2\java\modules\ext\eclipselink\org.eclipse.persistence.jpa.modelgen_2.5.2.v20140319-9ad6abd.jar" />
    <property name="libs.javaee-endorsed-api-7.0.src" value="" />
    <property name="sun.java.launcher" value="SUN_STANDARD" />
    <property name="libs.hibernate4-persistencemodelgen.javadoc" value="" />
    <property name="libs.jaxb.javadoc" value="C:\Program Files\NetBeans 8.2\ide\docs\jaxb-api-doc.zip" />
    <property name="libs.struts.classpath" value="C:\Program Files\NetBeans 8.2\enterprise\modules\ext\struts\antlr-2.7.2.jar;C:\Program Files\NetBeans 8.2\enterprise\modules\ext\struts\bsf-2.3.0.jar;C:\Program Files\NetBeans 8.2\enterprise\modules\ext\struts\commons-beanutils-1.8.0.jar;C:\Program Files\NetBeans 8.2\enterprise\modules\ext\struts\commons-chain-1.2.jar;C:\Program Files\NetBeans 8.2\enterprise\modules\ext\struts\commons-digester-1.8.jar;C:\Program Files\NetBeans 8.2\enterprise\modules\ext\struts\commons-fileupload-1.1.1.jar;C:\Program Files\NetBeans 8.2\enterprise\modules\ext\struts\commons-io-1.1.jar;C:\Program Files\NetBeans 8.2\enterprise\modules\ext\struts\commons-logging-1.0.4.jar;C:\Program Files\NetBeans 8.2\enterprise\modules\ext\struts\commons-validator-1.3.1.jar;C:\Program Files\NetBeans 8.2\enterprise\modules\ext\struts\jstl-1.0.2.jar;C:\Program Files\NetBeans 8.2\enterprise\modules\ext\struts\oro-2.0.8.jar;C:\Program Files\NetBeans 8.2\enterprise\modules\ext\struts\standard-1.0.6.jar;C:\Program Files\NetBeans 8.2\enterprise\modules\ext\struts\struts-core-1.3.10.jar;C:\Program Files\NetBeans 8.2\enterprise\modules\ext\struts\struts-el-1.3.10.jar;C:\Program Files\NetBeans 8.2\enterprise\modules\ext\struts\struts-extras-1.3.10.jar;C:\Program Files\NetBeans 8.2\enterprise\modules\ext\struts\struts-faces-1.3.10.jar;C:\Program Files\NetBeans 8.2\enterprise\modules\ext\struts\struts-mailreader-dao-1.3.10.jar;C:\Program Files\NetBeans 8.2\enterprise\modules\ext\struts\struts-scripting-1.3.10.jar;C:\Program Files\NetBeans 8.2\enterprise\modules\ext\struts\struts-taglib-1.3.10.jar;C:\Program Files\NetBeans 8.2\enterprise\modules\ext\struts\struts-tiles-1.3.10.jar" />
    <property name="ant.home" value="C:\Program Files\NetBeans 8.2\extide\ant" />
    <property name="libs.junit_4.src" value="C:\Program Files\NetBeans 8.2\platform\docs\junit-4.12-sources.jar" />
    <property name="libs.testng.classpath" value="C:\Program Files\NetBeans 8.2\platform\modules\ext\testng-6.8.1-dist.jar" />
    <property name="libs.absolutelayout.maven-pom" value="" />
    <property name="ant.java.version" value="1.8" />
    <property name="java.library.path" value="C:\Program Files\Java\jdk1.8.0_241\jre\bin;C:\WINDOWS\Sun\Java\bin;C:\WINDOWS\system32;C:\WINDOWS;C:\Program Files (x86)\Common Files\Oracle\Java\javapath;C:\WINDOWS\system32;C:\WINDOWS;C:\WINDOWS\System32\Wbem;C:\WINDOWS\System32\WindowsPowerShell\v1.0\;C:\WINDOWS\System32\OpenSSH\;C:\Program Files\Git\cmd;C:\Program Files\dotnet\;C:\Users\scorp\AppData\Local\Microsoft\WindowsApps;C:\Users\scorp\AppData\Local\GitHubDesktop\bin;C:\Program Files\Salesforce CLI\bin;C:\Users\scorp\AppData\Local\Programs\Microsoft VS Code\bin;." />
    <property name="javadoc.author" value="false" />
    <property name="libs.metro.maven-pom" value="" />
    <property name="java.util.logging.config.class" value="org.netbeans.core.startup.TopLogging" />
    <property name="libs.spring-framework400.src" value="" />
    <property name="libs.PostgreSQLDriver.src" value="" />
    <property name="sun.arch.data.model" value="64" />
    <property name="basedir" value="D:\NetBeans\Proyectos\JUnit-Sample" />
    <property name="libs.jpa20-persistence.maven-pom" value="" />
    <property name="jar.compress" value="false" />
    <property name="libs.javaee-web-api-7.0.classpath" value="C:\Program Files\NetBeans 8.2\enterprise\modules\ext\javaee-web-api-7.0.jar" />
    <property name="path.separator" value=";" />
    <property name="libs.javaee-web-api-6.0.javadoc" value="C:\Program Files\NetBeans 8.2\enterprise\docs\javaee-doc-api.jar" />
    <property name="ant.junit.enabletestlistenerevents" value="true" />
    <property name="sun.io.unicode.encoding" value="UnicodeLittle" />
    <property name="libs.jaxws21.classpath" value="C:\Program Files\NetBeans 8.2\ide\modules\ext\jaxb\jaxb-impl.jar;C:\Program Files\NetBeans 8.2\ide\modules\ext\jaxb\jaxb-xjc.jar;C:\Program Files\NetBeans 8.2\java\modules\ext\jaxws22\FastInfoset.jar;C:\Program Files\NetBeans 8.2\java\modules\ext\jaxws22\gmbal-api-only.jar;C:\Program Files\NetBeans 8.2\java\modules\ext\jaxws22\ha-api.jar;C:\Program Files\NetBeans 8.2\java\modules\ext\jaxws22\javax.mail_1.4.jar;C:\Program Files\NetBeans 8.2\java\modules\ext\jaxws22\jaxws-rt.jar;C:\Program Files\NetBeans 8.2\java\modules\ext\jaxws22\jaxws-tools.jar;C:\Program Files\NetBeans 8.2\java\modules\ext\jaxws22\management-api.jar;C:\Program Files\NetBeans 8.2\java\modules\ext\jaxws22\mimepull.jar;C:\Program Files\NetBeans 8.2\java\modules\ext\jaxws22\policy.jar;C:\Program Files\NetBeans 8.2\java\modules\ext\jaxws22\saaj-impl.jar;C:\Program Files\NetBeans 8.2\java\modules\ext\jaxws22\stax-ex.jar;C:\Program Files\NetBeans 8.2\java\modules\ext\jaxws22\stax2-api.jar;C:\Program Files\NetBeans 8.2\java\modules\ext\jaxws22\streambuffer.jar;C:\Program Files\NetBeans 8.2\java\modules\ext\jaxws22\woodstox-core-asl.jar;C:\Program Files\NetBeans 8.2\java\modules\ext\jaxws22\api\jaxws-api.jar;C:\Program Files\NetBeans 8.2\java\modules\ext\jaxws22\api\jsr181-api.jar;C:\Program Files\NetBeans 8.2\java\modules\ext\jaxws22\api\javax.annotation.jar;C:\Program Files\NetBeans 8.2\java\modules\ext\jaxws22\api\saaj-api.jar;C:\Program Files\NetBeans 8.2\ide\modules\ext\jaxb\activation.jar;C:\Program Files\NetBeans 8.2\ide\modules\ext\jaxb\api\jaxb-api.jar;C:\Program Files\NetBeans 8.2\ide\modules\ext\jaxb\api\jsr173_1.0_api.jar" />
    <property name="libs.struts.src" value="" />
    <property name="compile.on.save" value="true" />
    <property name="apple.awt.graphics.UseQuartz" value="true" />
    <property name="user.language" value="es" />
    <property name="testng.mode" value="testng" />
    <property name="libs.JAXB-ENDORSED.maven-pom" value="" />
    <property name="libs.eclipselink.maven-pom" value="" />
    <property name="test.binaryincludes" value="&lt;nothing&gt;" />
    <property name="libs.primefaces.javadoc" value="" />
    <property name="libs.spring-framework300.maven-pom" value="" />
    <property name="run.test.classpath" value=":build/classes:C:\Program Files\NetBeans 8.2\platform\modules\ext\junit-4.12.jar:C:\Program Files\NetBeans 8.2\platform\modules\ext\hamcrest-core-1.3.jar:build/test/classes" />
    <property name="ant.project.invoked-targets" value="test" />
    <property name="test.binaryexcludes" value="" />
    <property name="libs.swing-layout.javadoc" value="C:\Program Files\NetBeans 8.2\platform\docs\swing-layout-1.0.4-doc.zip" />
    <property name="sun.java2d.dpiaware" value="true" />
    <property name="libs.hibernate4-persistence.maven-pom" value="" />
    <property name="libs.DataBindingME-SVG.classpath" value="C:\Program Files\NetBeans 8.2\mobility\modules\ext\netbeans_databindingme_svg.jar" />
    <property name="https.nonProxyHosts" value="localhost|127.0.0.1|DESKTOP-4BOC66J" />
    <property name="libs.PostgreSQLDriver.maven-pom" value="" />
    <property name="java.class.version" value="52.0" />
    <property name="libs.hibernate4-persistencemodelgen.maven-pom" value="" />
    <property name="libs.javaee-endorsed-api-6.0.src" value="" />
    <property name="libs.eclipselink.javadoc" value="C:\Program Files\NetBeans 8.2\java\modules\ext\docs\javax.persistence-2.1.0-doc.zip" />
    <property name="libs.jsp-compilation.maven-pom" value="" />
    <property name="user.properties.file" value="C:\Users\scorp\AppData\Roaming\NetBeans\8.2\build.properties" />
    <property name="runtime.encoding" value="UTF-8" />
    <property name="libs.javac-api.maven-pom" value="" />
    <property name="file.encoding.pkg" value="sun.io" />
    <property name="sun.cpu.endian" value="little" />
    <property name="libs.JAXB-ENDORSED.javadoc" value="" />
    <property name="libs.JWSAntTasks.classpath" value="C:\Program Files\NetBeans 8.2\java\ant\extra\org-netbeans-modules-javawebstart-anttasks.jar" />
    <property name="libs.spring-webmvc4.0.maven-pom" value="" />
    <property name="libs.spring-framework300.src" value="" />
    <property name="libs.jstl.src" value="" />
    <property name="empty.dir" value="D:\NetBeans\Proyectos\JUnit-Sample\build\empty" />
    <property name="ant.file.type.JUnit-Sample-impl" value="file" />
    <property name="version-output" value="java version &quot;1.8" />
    <property name="test.binarytestincludes" value="" />
    <property name="libs.hibernate4-persistencemodelgen.src" value="" />
    <property name="javadoc.preview" value="true" />
    <property name="libs.jpa20-persistence.javadoc" value="C:\Program Files\NetBeans 8.2\java\modules\ext\docs\javax.persistence-2.1.0-doc.zip" />
    <property name="java.home" value="C:\Program Files\Java\jdk1.8.0_241\jre" />
    <property name="libs.jsp-compilation.src" value="" />
    <property name="debug.test.classpath" value=":build/classes:C:\Program Files\NetBeans 8.2\platform\modules\ext\junit-4.12.jar:C:\Program Files\NetBeans 8.2\platform\modules\ext\hamcrest-core-1.3.jar:build/test/classes" />
    <property name="libs.javaee-endorsed-api-6.0.classpath" value="C:\Program Files\NetBeans 8.2\enterprise\modules\ext\javaee6-endorsed\javax.annotation.jar;C:\Program Files\NetBeans 8.2\enterprise\modules\ext\javaee6-endorsed\jaxb-api-osgi.jar;C:\Program Files\NetBeans 8.2\enterprise\modules\ext\javaee6-endorsed\webservices-api-osgi.jar" />
    <property name="libs.javaee-api-6.0.src" value="" />
    <property name="netbeans.importclass" value="org.netbeans.upgrade.AutoUpgrade" />
    <property name="ant.project.default-target" value="default" />
    <property name="annotation.processing.run.all.processors" value="true" />
    <property name="libs.DataBindingME.maven-pom" value="" />
    <property name="libs.PostgreSQLDriver.javadoc" value="" />
    <property name="libs.restlib.classpath" value="C:\Program Files\NetBeans 8.2\enterprise\modules\ext\jersey2\ext\asm-all-repackaged-2.2.0-b21.jar;C:\Program Files\NetBeans 8.2\enterprise\modules\ext\jersey2\ext\cglib-2.2.0-b21.jar;C:\Program Files\NetBeans 8.2\enterprise\modules\ext\jersey2\ext\guava-14.0.1.jar;C:\Program Files\NetBeans 8.2\enterprise\modules\ext\jersey2\ext\hk2-api-2.2.0-b21.jar;C:\Program Files\NetBeans 8.2\enterprise\modules\ext\jersey2\ext\hk2-locator-2.2.0-b21.jar;C:\Program Files\NetBeans 8.2\enterprise\modules\ext\jersey2\ext\hk2-utils-2.2.0-b21.jar;C:\Program Files\NetBeans 8.2\enterprise\modules\ext\jersey2\ext\javax.annotation-api-1.2.jar;C:\Program Files\NetBeans 8.2\enterprise\modules\ext\jersey2\ext\javax.inject-2.2.0-b21.jar;C:\Program Files\NetBeans 8.2\enterprise\modules\ext\jersey2\ext\javax.servlet-api-3.0.1.jar;C:\Program Files\NetBeans 8.2\enterprise\modules\ext\jersey2\ext\jaxb-api-2.2.7.jar;C:\Program Files\NetBeans 8.2\enterprise\modules\ext\jersey2\ext\jersey-entity-filtering-2.5.1.jar;C:\Program Files\NetBeans 8.2\enterprise\modules\ext\jersey2\ext\jersey-media-moxy-2.5.1.jar;C:\Program Files\NetBeans 8.2\enterprise\modules\ext\jersey2\ext\org.osgi.core-4.2.0.jar;C:\Program Files\NetBeans 8.2\enterprise\modules\ext\jersey2\ext\osgi-resource-locator-1.0.1.jar;C:\Program Files\NetBeans 8.2\enterprise\modules\ext\jersey2\ext\persistence-api-1.0.jar;C:\Program Files\NetBeans 8.2\enterprise\modules\ext\jersey2\ext\validation-api-1.1.0.Final.jar;C:\Program Files\NetBeans 8.2\enterprise\modules\ext\jersey2\jersey-client.jar;C:\Program Files\NetBeans 8.2\enterprise\modules\ext\jersey2\jersey-common.jar;C:\Program Files\NetBeans 8.2\enterprise\modules\ext\jersey2\jersey-container-servlet.jar;C:\Program Files\NetBeans 8.2\enterprise\modules\ext\jersey2\jersey-container-servlet-core.jar;C:\Program Files\NetBeans 8.2\enterprise\modules\ext\jersey2\jersey-server.jar;C:\Program Files\NetBeans 8.2\java\modules\ext\eclipselink\eclipselink.jar" />
    <property name="libs.MySQLDriver.maven-pom" value="" />
    <property name="libs.hibernate4-persistence.javadoc" value="C:\Program Files\NetBeans 8.2\java\modules\ext\docs\javax.persistence-2.1.0-doc.zip" />
    <property name="http.nonProxyHosts" value="localhost|127.0.0.1|DESKTOP-4BOC66J" />
    <property name="libs.junit_4.javadoc" value="C:\Program Files\NetBeans 8.2\platform\docs\junit-4.12-javadoc.jar" />
    <property name="libs.javaee-web-api-6.0.maven-pom" value="" />
    <property name="run.classpath" value=":build/classes" />
    <property name="jna.boot.library.name" value="jnidispatch-422" />
    <property name="libs.javaee-endorsed-api-6.0.javadoc" value="C:\Program Files\NetBeans 8.2\enterprise\docs\javaee-doc-api.jar" />
    <property name="libs.javaee-api-7.0.classpath" value="C:\Program Files\NetBeans 8.2\enterprise\modules\ext\javaee-api-7.0.jar" />
    <property name="sun.awt.datatransfer.timeout" value="1000" />
    <property name="ant.file.JUnit-Sample-impl" value="D:\NetBeans\Proyectos\JUnit-Sample\nbproject\build-impl.xml" />
    <property name="libs.spring-webmvc3.0.javadoc" value="" />
    <property name="libs.jpa2-persistence.maven-pom" value="" />
    <property name="annotation.processing.enabled.in.editor" value="false" />
    <property name="libs.hibernate4-support.classpath" value="C:\Program Files\NetBeans 8.2\java\modules\ext\hibernate4\antlr-2.7.7.jar;C:\Program Files\NetBeans 8.2\java\modules\ext\hibernate4\c3p0-0.9.2.1.jar;C:\Program Files\NetBeans 8.2\java\modules\ext\hibernate4\hibernate-c3p0-4.3.1.Final.jar;C:\Program Files\NetBeans 8.2\java\modules\ext\hibernate4\mchange-commons-java-0.2.3.4.jar;C:\Program Files\NetBeans 8.2\java\modules\ext\hibernate4\dom4j-1.6.1.jar;C:\Program Files\NetBeans 8.2\java\modules\ext\hibernate4\ehcache-core-2.4.3.jar;C:\Program Files\NetBeans 8.2\java\modules\ext\hibernate4\hibernate-ehcache-4.3.1.Final.jar;C:\Program Files\NetBeans 8.2\java\modules\ext\hibernate4\hibernate-core-4.3.1.Final.jar;C:\Program Files\NetBeans 8.2\java\modules\ext\hibernate4\jboss-logging-3.1.3.GA.jar;C:\Program Files\NetBeans 8.2\java\modules\ext\hibernate4\hibernate-commons-annotations-4.0.4.Final.jar;C:\Program Files\NetBeans 8.2\java\modules\ext\hibernate4\hibernate-entitymanager-4.3.1.Final.jar;C:\Program Files\NetBeans 8.2\java\modules\ext\hibernate4\javassist-3.18.1-GA.jar;C:\Program Files\NetBeans 8.2\java\modules\ext\hibernate4\jboss-transaction-api_1.2_spec-1.0.0.Final.jar;C:\Program Files\NetBeans 8.2\java\modules\ext\hibernate4\slf4j-api-1.6.1.jar;C:\Program Files\NetBeans 8.2\java\modules\ext\hibernate4\slf4j-simple-1.6.1.jar" />
    <property name="nb.native.filechooser" value="false" />
    <property name="libs.restapi.src" value="" />
    <property name="sun.management.compiler" value="HotSpot 64-Bit Tiered Compilers" />
    <property name="libs.j2me_common_ant.javadoc" value="" />
    <property name="javac.deprecation" value="false" />
    <property name="javadoc.use" value="true" />
    <property name="sun.java2d.noddraw" value="true" />
    <property name="libs.jsp-compiler.classpath" value="C:\Program Files\NetBeans 8.2\enterprise\ant\extra\jspcompile.jar" />
    <property name="javac.processorpath" value="" />
    <property name="libs.hamcrest.maven-pom" value="" />
    <property name="javac.compilerargs" value="" />
    <property name="svnkit.http.methods" value="Basic" />
    <property name="ant.file" value="D:\NetBeans\Proyectos\JUnit-Sample\build.xml" />
    <property name="libs.beans-binding.maven-pom" value="" />
    <property name="libs.hibernate4-support.javadoc" value="C:\Program Files\NetBeans 8.2\java\modules\ext\docs\javax.persistence-2.1.0-doc.zip" />
    <property name="libs.jsf12.classpath" value="C:\Program Files\NetBeans 8.2\enterprise\modules\ext\jsf-1_2\commons-beanutils.jar;C:\Program Files\NetBeans 8.2\enterprise\modules\ext\jsf-1_2\commons-collections.jar;C:\Program Files\NetBeans 8.2\enterprise\modules\ext\jsf-1_2\commons-digester.jar;C:\Program Files\NetBeans 8.2\enterprise\modules\ext\jsf-1_2\commons-logging.jar;C:\Program Files\NetBeans 8.2\enterprise\modules\ext\jsf-1_2\jsf-api.jar;C:\Program Files\NetBeans 8.2\enterprise\modules\ext\jsf-1_2\jsf-impl.jar" />
    <property name="libs.jstl.maven-pom" value="" />
    <property name="ant.file.JUnit-Sample" value="D:\NetBeans\Proyectos\JUnit-Sample\build.xml" />
    <property name="libs.restapi.maven-pom" value="" />
    <property name="libs.beans-binding.src" value="" />
    <property name="java.vm.specification.vendor" value="Oracle Corporation" />
    <property name="libs.DataBindingME-PIM.javadoc" value="C:\Program Files\NetBeans 8.2\mobility\modules\docs\netbeans_databindingme_pim-api.zip" />
    <property name="libs.swing-layout.src" value="C:\Program Files\NetBeans 8.2\platform\docs\swing-layout-1.0.4-src.zip" />
    <property name="org.openide.major.version" value="IDE/1" />
    <property name="java.vm.name" value="Java HotSpot(TM) 64-Bit Server VM" />
    <property name="netbeans.user" value="C:\Users\scorp\AppData\Roaming\NetBeans\8.2" />
    <property name="javadoc.additionalparam" value="" />
    <property name="java.io.tmpdir" value="C:\Users\scorp\AppData\Local\Temp\" />
    <property name="java.vendor.url" value="http://java.oracle.com/" />
    <property name="endorsed.classpath.cmd.line.arg" value="" />
    <property name="jna.loaded" value="true" />
    <property name="junit.available" value="true" />
    <property name="libs.jsp-compiler.src" value="" />
    <property name="sun.boot.library.path" value="C:\Program Files\Java\jdk1.8.0_241\jre\bin" />
    <property name="have.sources" value="true" />
    <property name="libs.hamcrest.javadoc" value="" />
    <property name="debug.classpath" value=":build/classes" />
    <property name="javac.external.vm" value="true" />
    <property name="javadoc.private" value="false" />
    <property name="test.src.dir" value="test" />
    <property name="libs.jsf20.classpath" value="C:\Program Files\NetBeans 8.2\enterprise\modules\ext\jsf-2_2\javax.faces.jar" />
    <property name="ap.processors.internal" value="" />
    <property name="meta.inf.dir" value="src/META-INF" />
    <property name="javadoc.encoding.used" value="UTF-8" />
    <property name="libs.DataBindingME-SVG.src" value="C:\Program Files\NetBeans 8.2\mobility\sources\netbeans_databindingme_svg-src.zip" />
    <property name="dist.jar" value="dist/JUnit-Sample.jar" />
    <property name="libs.spring-framework400.maven-pom" value="" />
    <property name="java.runtime.name" value="Java(TM) SE Runtime Environment" />
    <property name="ant.project.name" value="JUnit-Sample" />
    <property name="netbeans.hash.code" value="unique=NB_CND_EXTIDE_GFMOD_GROOVY_JAVA_JC_MOB_PHP_WEBCOMMON_WEBEE0e22b9d94-d12f-4ce3-b58d-ef8ac1ac2a5a_fa571153-d9bc-42c9-80b2-d2c129e7b228" />
    <property name="netbeans.default_userdir_root" value="C:\Users\scorp\AppData\Roaming\NetBeans" />
    <property name="libs.jsp-compilation-syscp.maven-pom" value="" />
    <property name="sun.cpu.isalist" value="amd64" />
    <property name="libs.spring-framework400.javadoc" value="" />
    <property name="libs.CopyLibs.javadoc" value="" />
    <property name="org.openide.specification.version" value="6.2" />
    <property name="libs.DataBindingME-PIM.classpath" value="C:\Program Files\NetBeans 8.2\mobility\modules\ext\netbeans_databindingme_pim.jar" />
    <property name="user.home" value="C:\Users\scorp" />
    <property name="annotation.processing.processors.list" value="" />
    <property name="libs.primefaces.maven-pom" value="" />
    <property name="debug-args-line" value="-Xdebug" />
    <property name="libs.javaee-api-6.0.maven-pom" value="" />
    <property name="libs.JWSAntTasks.src" value="" />
    <property name="jar.index" value="false" />
    <property name="libs.CopyLibs.maven-pom" value="" />
    <property name="libs.spring-framework300.javadoc" value="" />
    <property name="libs.absolutelayout.javadoc" value="" />
    <property name="java.specification.name" value="Java Platform API Specification" />
    <property name="java.specification.vendor" value="Oracle Corporation" />
    <property name="libs.javac-api.classpath" value="C:\Program Files\NetBeans 8.2\java\modules\ext\nb-javac-api.jar" />
    <property name="java.version" value="1.8.0_241" />
    <property name="run.jvmargs.ide" value="" />
    <property name="javadoc.version" value="false" />
    <property name="libs.MySQLDriver.javadoc" value="" />
    <property name="org.openide.version" value="deprecated" />
    <property name="platform.java" value="C:\Program Files\Java\jdk1.8.0_241\jre/bin/java" />
    <property name="source.encoding" value="UTF-8" />
    <property name="ap.cmd.line.internal" value="" />
    <property name="libs.eclipselinkmodelgen.maven-pom" value="" />
    <property name="libs.jsp-compilation-syscp.javadoc" value="" />
    <property name="libs.eclipselinkmodelgen.javadoc" value="" />
    <property name="libs.javaee-endorsed-api-7.0.classpath" value="C:\Program Files\NetBeans 8.2\enterprise\modules\ext\javaee7-endorsed\javax.annotation-api.jar;C:\Program Files\NetBeans 8.2\enterprise\modules\ext\javaee7-endorsed\javax.xml.soap-api.jar;C:\Program Files\NetBeans 8.2\enterprise\modules\ext\javaee7-endorsed\jaxb-api-osgi.jar;C:\Program Files\NetBeans 8.2\enterprise\modules\ext\javaee7-endorsed\jaxws-api.jar;C:\Program Files\NetBeans 8.2\enterprise\modules\ext\javaee7-endorsed\jsr181-api.jar" />
    <property name="libs.metro.javadoc" value="C:\Program Files\NetBeans 8.2\enterprise\docs\metro-1.4-doc.zip" />
    <property name="libs.struts.maven-pom" value="" />
    <property name="netbeans.home+have.tests" value="true" />
    <property name="annotation.processing.processor.options" value="" />
    <property name="libs.testng.maven-pom" value="" />
    <property name="libs.jaxb.src" value="" />
    <property name="jdk.launcher.addexports.5" value="java.management/sun.management=ALL-UNNAMED" />
    <property name="jdk.launcher.addexports.4" value="java.desktop/com.sun.java.swing.plaf.windows=ALL-UNNAMED" />
    <property name="jdk.launcher.addexports.3" value="java.desktop/sun.awt.im=ALL-UNNAMED" />
    <property name="work.dir" value="D:\NetBeans\Proyectos\JUnit-Sample" />
    <property name="jdk.launcher.addexports.2" value="java.desktop/java.awt.peer=ALL-UNNAMED" />
    <property name="libs.jaxb.classpath" value="C:\Program Files\NetBeans 8.2\ide\modules\ext\jaxb\jaxb-impl.jar;C:\Program Files\NetBeans 8.2\ide\modules\ext\jaxb\jaxb-xjc.jar;C:\Program Files\NetBeans 8.2\ide\modules\ext\jaxb\jaxb1-impl.jar;C:\Program Files\NetBeans 8.2\ide\modules\ext\jaxb\activation.jar;C:\Program Files\NetBeans 8.2\ide\modules\ext\jaxb\api\jaxb-api.jar;C:\Program Files\NetBeans 8.2\ide\modules\ext\jaxb\api\jsr173_1.0_api.jar" />
    <property name="jdk.launcher.addexports.1" value="java.base/jdk.internal.jrtfs=ALL-UNNAMED" />
    <property name="jdk.launcher.addexports.0" value="java.desktop/sun.awt=ALL-UNNAMED" />
    <property name="do.depend" value="false" />
    <property name="dist.javadoc.dir" value="dist/javadoc" />
    <property name="libs.j2me_common_ant.classpath" value="C:\Program Files\NetBeans 8.2\mobility\modules\org-netbeans-modules-j2me-common-ant.jar;C:\Program Files\NetBeans 8.2\java\modules\org-netbeans-modules-classfile.jar" />
    <property name="libs.spring-webmvc3.0.classpath" value="C:\Program Files\NetBeans 8.2\java\modules\ext\spring-3.0\spring-webmvc-3.2.7.RELEASE.jar" />
    <property name="libs.swing-layout.classpath" value="C:\Program Files\NetBeans 8.2\platform\modules\ext\swing-layout-1.0.4.jar" />
    <property name="libs.javaee-web-api-7.0.maven-pom" value="" />
    <property name="libs.restlib.src" value="" />
    <property name="javac.source" value="1.8" />
    <property name="build.generated.dir" value="build/generated" />
    <property name="line.separator" value="&#xd;&#xa;" />
    <property name="java.specification.version" value="1.8" />
    <property name="java.vm.info" value="mixed mode" />
    <property name="libs.jaxws21.maven-pom" value="" />
    <property name="nb.junit.batch" value="true" />
    <property name="junit.forkmode" value="perTest" />
    <property name="sun.boot.class.path" value="C:\Program Files\Java\jdk1.8.0_241\jre\lib\resources.jar;C:\Program Files\Java\jdk1.8.0_241\jre\lib\rt.jar;C:\Program Files\Java\jdk1.8.0_241\jre\lib\sunrsasign.jar;C:\Program Files\Java\jdk1.8.0_241\jre\lib\jsse.jar;C:\Program Files\Java\jdk1.8.0_241\jre\lib\jce.jar;C:\Program Files\Java\jdk1.8.0_241\jre\lib\charsets.jar;C:\Program Files\Java\jdk1.8.0_241\jre\lib\jfr.jar;C:\Program Files\Java\jdk1.8.0_241\jre\classes" />
    <property name="javac.target" value="1.8" />
    <property name="built-jar.properties" value="D:\NetBeans\Proyectos\JUnit-Sample\build\built-jar.properties" />
    <property name="build.test.classes.dir" value="build/test/classes" />
    <property name="src.dir" value="src" />
    <property name="sun.awt.keepWorkingSetOnMinimize" value="true" />
    <property name="libs.jpa2-persistence.src" value="" />
    <property name="annotation.processing.enabled" value="true" />
    <property name="libs.jsf20.src" value="" />
    <property name="libs.jpa20-persistence.src" value="" />
    <property name="libs.jsf12.src" value="" />
    <property name="libs.DataBindingME-SVG.maven-pom" value="" />
    <property name="libs.struts.javadoc" value="C:\Program Files\NetBeans 8.2\enterprise\docs\struts-1.3.10-javadoc.zip" />
    <property name="ignore.failing.tests" value="true" />
    <property name="libs.javaee-web-api-7.0.src" value="" />
    <property name="libs.primefaces.src" value="" />
    <property name="ant.file.type.JUnit-Sample" value="file" />
    <property name="dist.dir" value="dist" />
    <property name="libs.groovy-all.javadoc" value="" />
    <property name="testng.debug.mode" value="" />
    <property name="libs.groovy-all.classpath" value="C:\Program Files\NetBeans 8.2\groovy\modules\ext\groovy-all.jar" />
    <property name="javac.fork" value="true" />
    <property name="java.awt.printerjob" value="sun.awt.windows.WPrinterJob" />
    <property name="default.javac.source" value="1.8" />
    <property name="debug-transport-by-os" value="dt_shmem" />
    <property name="libs.MySQLDriver.src" value="" />
    <property name="sun.jnu.encoding" value="Cp1252" />
    <property name="build.test.results.dir" value="build/test/results" />
    <property name="java.runtime.version" value="1.8.0_241-b07" />
    <property name="default.javac.target" value="1.8" />
    <property name="libs.junit_4.classpath" value="C:\Program Files\NetBeans 8.2\platform\modules\ext\junit-4.12.jar" />
    <property name="user.timezone" value="" />
    <property name="nb.junit.single" value="false" />
    <property name="libs.javaee-endorsed-api-6.0.maven-pom" value="" />
    <property name="netbeans.dirs" value="C:\Program Files\NetBeans 8.2\nb;C:\Program Files\NetBeans 8.2\ergonomics;C:\Program Files\NetBeans 8.2\ide;C:\Program Files\NetBeans 8.2\extide;C:\Program Files\NetBeans 8.2\java;C:\Program Files\NetBeans 8.2\apisupport;C:\Program Files\NetBeans 8.2\webcommon;C:\Program Files\NetBeans 8.2\websvccommon;C:\Program Files\NetBeans 8.2\enterprise;C:\Program Files\NetBeans 8.2\mobility;C:\Program Files\NetBeans 8.2\profiler;C:\Program Files\NetBeans 8.2\python;C:\Program Files\NetBeans 8.2\php;C:\Program Files\NetBeans 8.2\identity;C:\Program Files\NetBeans 8.2\harness;C:\Program Files\NetBeans 8.2\cnd;C:\Program Files\NetBeans 8.2\cndext;C:\Program Files\NetBeans 8.2\dlight;C:\Program Files\NetBeans 8.2\groovy;C:\Program Files\NetBeans 8.2\extra;C:\Program Files\NetBeans 8.2\javacard;C:\Program Files\NetBeans 8.2\javafx" />
    <property name="libs.jsf20.javadoc" value="C:\Program Files\NetBeans 8.2\enterprise\docs\javaee-doc-api.jar" />
    <property name="libs.jstl.javadoc" value="C:\Program Files\NetBeans 8.2\enterprise\docs\javaee-doc-api.jar" />
    <property name="java.ext.dirs" value="C:\Program Files\Java\jdk1.8.0_241\jre\lib\ext;C:\WINDOWS\Sun\Java\lib\ext" />
    <property name="libs.metro.src" value="" />
    <property name="libs.absolutelayout.classpath" value="C:\Program Files\NetBeans 8.2\java\modules\ext\AbsoluteLayout.jar" />
    <property name="excludes" value="" />
    <property name="libs.metro.classpath" value="C:\Program Files\NetBeans 8.2\ide\modules\ext\jaxb\activation.jar;C:\Program Files\NetBeans 8.2\enterprise\modules\ext\metro\webservices-api.jar;C:\Program Files\NetBeans 8.2\enterprise\modules\ext\metro\webservices-extra-api.jar;C:\Program Files\NetBeans 8.2\enterprise\modules\ext\metro\webservices-extra.jar;C:\Program Files\NetBeans 8.2\enterprise\modules\ext\metro\webservices-rt.jar;C:\Program Files\NetBeans 8.2\enterprise\modules\ext\metro\webservices-tools.jar" />
    <property name="libs.restlib.maven-pom" value="" />
    <property name="libs.jpa2-persistence.javadoc" value="C:\Program Files\NetBeans 8.2\java\modules\ext\docs\javax.persistence-2.1.0-doc.zip" />
    <property name="libs.DataBindingME.javadoc" value="C:\Program Files\NetBeans 8.2\mobility\modules\docs\netbeans_databindingme-api.zip" />
    <property name="apple.laf.useScreenMenuBar" value="true" />
    <property name="java.class.path" value="D:\NetBeans\Proyectos\JUnit-Sample\build\classes;C:\Program Files\NetBeans 8.2\platform\modules\ext\junit-4.12.jar;C:\Program Files\NetBeans 8.2\platform\modules\ext\hamcrest-core-1.3.jar;D:\NetBeans\Proyectos\JUnit-Sample\build\test\classes;C:\Program Files\NetBeans 8.2\extide\ant\lib\ant-launcher.jar;C:\Program Files\NetBeans 8.2\extide\ant\lib\ant.jar;C:\Program Files\NetBeans 8.2\extide\ant\lib\ant-junit.jar;C:\Program Files\NetBeans 8.2\extide\ant\lib\ant-junit4.jar" />
    <property name="libs.absolutelayout.src" value="" />
    <property name="libs.jpa20-persistence.classpath" value="C:\Program Files\NetBeans 8.2\java\modules\ext\eclipselink\javax.persistence_2.1.0.v201304241213.jar" />
    <property name="os.version" value="10.0" />
    <property name="application.args" value="" />
    <property name="libs.javaee-api-7.0.maven-pom" value="" />
    <property name="sun.awt.enableExtraMouseButtons" value="true" />
    <property name="sun.desktop" value="windows" />
    <property name="libs.hibernate4-persistence.src" value="" />
    <property name="libs.hibernate4-support.maven-pom" value="" />
    <property name="libs.restlib.javadoc" value="" />
    <property name="libs.JAXB-ENDORSED.classpath" value="C:\Program Files\NetBeans 8.2\ide\modules\ext\jaxb\api\jaxb-api.jar" />
    <property name="nb.internal.action.name" value="test" />
    <property name="libs.eclipselink.classpath" value="C:\Program Files\NetBeans 8.2\java\modules\ext\eclipselink\eclipselink.jar;C:\Program Files\NetBeans 8.2\java\modules\ext\eclipselink\javax.persistence_2.1.0.v201304241213.jar;C:\Program Files\NetBeans 8.2\java\modules\ext\eclipselink\org.eclipse.persistence.jpa.jpql_2.5.2.v20140319-9ad6abd.jar" />
    <property name="libs.javaee-api-7.0.javadoc" value="C:\Program Files\NetBeans 8.2\enterprise\docs\javaee-doc-api.jar" />
    <property name="libs.beans-binding.javadoc" value="C:\Program Files\NetBeans 8.2\java\docs\beansbinding-1.2.1-doc.zip" />
    <property name="java.awt.graphicsenv" value="sun.awt.Win32GraphicsEnvironment" />
    <property name="java.vm.vendor" value="Oracle Corporation" />
    <property name="libs.CopyLibs.classpath" value="C:\Program Files\NetBeans 8.2\java\ant\extra\org-netbeans-modules-java-j2seproject-copylibstask.jar" />
    <property name="libs.spring-framework300.classpath" value="C:\Program Files\NetBeans 8.2\ide\modules\org-apache-commons-logging.jar;C:\Program Files\NetBeans 8.2\java\modules\ext\cglib-2.2.jar;C:\Program Files\NetBeans 8.2\java\modules\ext\spring-3.0\spring-aop-3.2.7.RELEASE.jar;C:\Program Files\NetBeans 8.2\java\modules\ext\spring-3.0\spring-aspects-3.2.7.RELEASE.jar;C:\Program Files\NetBeans 8.2\java\modules\ext\spring-3.0\spring-beans-3.2.7.RELEASE.jar;C:\Program Files\NetBeans 8.2\java\modules\ext\spring-3.0\spring-build-src-3.2.7.RELEASE.jar;C:\Program Files\NetBeans 8.2\java\modules\ext\spring-3.0\spring-context-3.2.7.RELEASE.jar;C:\Program Files\NetBeans 8.2\java\modules\ext\spring-3.0\spring-context-support-3.2.7.RELEASE.jar;C:\Program Files\NetBeans 8.2\java\modules\ext\spring-3.0\spring-core-3.2.7.RELEASE.jar;C:\Program Files\NetBeans 8.2\java\modules\ext\spring-3.0\spring-expression-3.2.7.RELEASE.jar;C:\Program Files\NetBeans 8.2\java\modules\ext\spring-3.0\spring-framework-bom-3.2.7.RELEASE.jar;C:\Program Files\NetBeans 8.2\java\modules\ext\spring-3.0\spring-instrument-3.2.7.RELEASE.jar;C:\Program Files\NetBeans 8.2\java\modules\ext\spring-3.0\spring-instrument-tomcat-3.2.7.RELEASE.jar;C:\Program Files\NetBeans 8.2\java\modules\ext\spring-3.0\spring-jdbc-3.2.7.RELEASE.jar;C:\Program Files\NetBeans 8.2\java\modules\ext\spring-3.0\spring-jms-3.2.7.RELEASE.jar;C:\Program Files\NetBeans 8.2\java\modules\ext\spring-3.0\spring-orm-3.2.7.RELEASE.jar;C:\Program Files\NetBeans 8.2\java\modules\ext\spring-3.0\spring-oxm-3.2.7.RELEASE.jar;C:\Program Files\NetBeans 8.2\java\modules\ext\spring-3.0\spring-struts-3.2.7.RELEASE.jar;C:\Program Files\NetBeans 8.2\java\modules\ext\spring-3.0\spring-test-3.2.7.RELEASE.jar;C:\Program Files\NetBeans 8.2\java\modules\ext\spring-3.0\spring-tx-3.2.7.RELEASE.jar;C:\Program Files\NetBeans 8.2\java\modules\ext\spring-3.0\spring-web-3.2.7.RELEASE.jar;C:\Program Files\NetBeans 8.2\java\modules\ext\spring-3.0\spring-webmvc-3.2.7.RELEASE.jar;C:\Program Files\NetBeans 8.2\java\modules\ext\spring-3.0\spring-webmvc-portlet-3.2.7.RELEASE.jar" />
    <property name="libs.jsp-compiler.maven-pom" value="" />
    <property name="libs.hamcrest.src" value="" />
    <property name="run.jvmargs" value="" />
    <property name="libs.hibernate4-persistence.classpath" value="C:\Program Files\NetBeans 8.2\java\modules\ext\hibernate4\antlr-2.7.7.jar;C:\Program Files\NetBeans 8.2\java\modules\ext\hibernate4\c3p0-0.9.2.1.jar;C:\Program Files\NetBeans 8.2\java\modules\ext\hibernate4\hibernate-c3p0-4.3.1.Final.jar;C:\Program Files\NetBeans 8.2\java\modules\ext\hibernate4\mchange-commons-java-0.2.3.4.jar;C:\Program Files\NetBeans 8.2\java\modules\ext\hibernate4\dom4j-1.6.1.jar;C:\Program Files\NetBeans 8.2\java\modules\ext\hibernate4\ehcache-core-2.4.3.jar;C:\Program Files\NetBeans 8.2\java\modules\ext\hibernate4\hibernate-ehcache-4.3.1.Final.jar;C:\Program Files\NetBeans 8.2\java\modules\ext\hibernate4\hibernate-core-4.3.1.Final.jar;C:\Program Files\NetBeans 8.2\java\modules\ext\hibernate4\jboss-logging-3.1.3.GA.jar;C:\Program Files\NetBeans 8.2\java\modules\ext\hibernate4\hibernate-commons-annotations-4.0.4.Final.jar;C:\Program Files\NetBeans 8.2\java\modules\ext\hibernate4\hibernate-entitymanager-4.3.1.Final.jar;C:\Program Files\NetBeans 8.2\java\modules\ext\hibernate4\javassist-3.18.1-GA.jar;C:\Program Files\NetBeans 8.2\java\modules\ext\hibernate4\jboss-transaction-api_1.2_spec-1.0.0.Final.jar;C:\Program Files\NetBeans 8.2\java\modules\ext\hibernate4\slf4j-api-1.6.1.jar;C:\Program Files\NetBeans 8.2\java\modules\ext\hibernate4\slf4j-simple-1.6.1.jar;C:\Program Files\NetBeans 8.2\java\modules\ext\hibernate4\hibernate-jpa-2.1-api-1.0.0.Final.jar" />
    <property name="dist.archive.excludes" value="" />
    <property name="libs.JAXB-ENDORSED.src" value="" />
    <property name="libs.testng.javadoc" value="C:\Program Files\NetBeans 8.2\platform\docs\testng-6.8.1-javadoc.zip" />
    <property name="libs.DataBindingME-PIM.src" value="C:\Program Files\NetBeans 8.2\mobility\sources\netbeans_databindingme_pim-src.zip" />
    <property name="libs.PostgreSQLDriver.classpath" value="C:\Program Files\NetBeans 8.2\ide\modules\ext\postgresql-9.4.1209.jar" />
    <property name="user.script" value="" />
    <property name="libs.jsf12.maven-pom" value="" />
    <property name="libs.hibernate4-persistencemodelgen.classpath" value="C:\Program Files\NetBeans 8.2\java\modules\ext\hibernate4\hibernate-jpamodelgen-4.3.1.Final.jar" />
    <property name="annotation.processing.source.output" value="build/generated-sources/ap-source-output" />
    <property name="build.dir" value="build" />
    <property name="libs.CopyLibs.src" value="" />
    <property name="libs.jsp-compilation.classpath" value="C:\Program Files\NetBeans 8.2\extide\ant\lib\ant.jar;C:\Program Files\NetBeans 8.2\enterprise\modules\ext\servlet3.1-jsp2.3-api.jar;C:\Program Files\NetBeans 8.2\enterprise\modules\ext\glassfish-jspparser-4.0.jar;C:\Program Files\NetBeans 8.2\enterprise\modules\ext\jsf-2_2\javax.faces.jar;C:\Program Files\NetBeans 8.2\enterprise\modules\ext\jstl-api.jar;C:\Program Files\NetBeans 8.2\extide\ant\lib\ant-launcher.jar" />
    <property name="ant.version" value="Apache Ant(TM) version 1.9.7 compiled on April 9 2016" />
    <property name="file.encoding" value="Cp1252" />
    <property name="build.classes.excludes" value="**/*.java,**/*.form" />
    <property name="jdkBug6558476" value="false" />
    <property name="javadoc.nonavbar" value="false" />
    <property name="libs.spring-webmvc4.0.classpath" value="C:\Program Files\NetBeans 8.2\java\modules\ext\spring-4\spring-webmvc-4.0.1.RELEASE.jar" />
    <property name="platform.active" value="default_platform" />
    <property name="awt.toolkit" value="sun.awt.windows.WToolkit" />
    <property name="libs.javaee-web-api-7.0.javadoc" value="C:\Program Files\NetBeans 8.2\enterprise\docs\javaee-doc-api.jar" />
  </properties>
  <testcase classname="sample.UtilsTest" name="helloWorldCheck" time="0.0" />
  <testcase classname="sample.UtilsTest" name="testWithTimeout" time="1.071">
    <error message="test timed out after 1000 milliseconds" type="org.junit.runners.model.TestTimedOutException">org.junit.runners.model.TestTimedOutException: test timed out after 1000 milliseconds
	at java.io.FileOutputStream.writeBytes(Native Method)
	at java.io.FileOutputStream.write(FileOutputStream.java:326)
	at java.io.BufferedOutputStream.write(BufferedOutputStream.java:122)
	at java.io.PrintStream.write(PrintStream.java:480)
	at java.io.PrintStream.write(PrintStream.java:480)
	at sun.nio.cs.StreamEncoder.writeBytes(StreamEncoder.java:221)
	at sun.nio.cs.StreamEncoder.implWrite(StreamEncoder.java:282)
	at sun.nio.cs.StreamEncoder.write(StreamEncoder.java:125)
	at java.io.OutputStreamWriter.write(OutputStreamWriter.java:207)
	at java.io.BufferedWriter.flushBuffer(BufferedWriter.java:129)
	at java.io.BufferedWriter.write(BufferedWriter.java:230)
	at java.io.Writer.write(Writer.java:157)
	at java.io.PrintStream.write(PrintStream.java:525)
	at java.io.PrintStream.print(PrintStream.java:669)
	at java.io.PrintStream.println(PrintStream.java:806)
	at sample.UtilsTest.testWithTimeout(UtilsTest.java:52)
	at java.util.concurrent.FutureTask.run(FutureTask.java:266)
	at java.lang.Thread.run(Thread.java:748)
</error>
  </testcase>
  <testcase classname="sample.UtilsTest" name="temporarilyDisabledTest" time="0.0">
    <skipped />
  </testcase>
  <testcase classname="sample.UtilsTest" name="checkExpectedException" time="0.0" />
  <system-out><![CDATA[* UtilsTest: test method 1 - helloWorldCheck()
* UtilsTest: test method 2 - testWithTimeout()
computing 26553!
26553! = 189701419469277088216266731697319078028862776190104906658094125320599689534088779437377001689083041988814323010209780132860275268787870779023366333395065252110881054018100031785168032188248510493694601016625271419315563771053398968848493542515524712248628713796723480195573094619007038299863481353246286234606112751229453054294382027950451310189789272565326367930580247197720109857877775247105529578514260389656478590086360180101790309297510259587823477536121336603603427123348438883243606324349747324622752370207404867741681469935410679377294147694590536184539359165609474378831514680971638982519387054402504108300299003269634240332053295926469209414718394050079239618596524995811096822074066421842281915599269687518793894835639365456911766529828563159204121598577120613302882319469405448212958417947188501348753263576742971718443163731233311546030942730048068117188343447700093922225179750795917170178073774804268516912605346557396829479588025324394234803331227651167844039409893916744306916061997864483026683053420035255939309480288431677340092138033420158218536548763054781476431337067858296522600159702817417470189324476051851639194584695715925923125253538126046327518968963145896385125549169481607517844591927372168557627227303379236269858137589518165402776815707564321679145822346721013147439018525764719993177068852192475413916455254041562177562323518086682137226819838752689328279947333935512238925122612752387516857281905124830021789256972274679218287213166674500197516796944817451212903619985204221374703886592202030602108193236109504825135844032294291827608983390474767551729664380385770836060800604862558003470002134772243715006113873458644168029865179092679103155210012448501186400429332409646529106750301370845690731916304350995285977167446634734474970799813628244936205931074344738707097175558316085667480959706409973963552289750392581191579970308021644323681666460805804460794077762594893080217237051340338841203371602206128508647871575620693421754185751054743160199749938277771628692238308458103810831061857483780010855004371369922456808324795955569230635813206942942907928605280919322760281315472641870622015891225514738128776510970799072825020232041526777169039385747638766178799872583342585935995523075489142137262419614109683742496807643969278052671722791330832496498978765356436544362243428990564585579475248984316593734381108726713711209810503867767082483496613199592064449186589983070836348759757607927074817680305602979522034997767801599802140227278751781980091064110894893260420573977355649372619317837054019564556845900663824847724901990032595832084684979731682317852526481838494673877803836081897645170949608236086228074861487363489483787551261731702773010598152360508903069657432072550738495507532808958579832373415770028392739814845142861182580426688274464641705770032507254247384657577934904622569109789144575766892722999231044773504525150037259830216579613022285309642219422444786794450793853986673080643195779627236853064201384618927555416084364223014923058829668858150050703996704611801168897257978366764302009292523829297107088595330722715015727537142399948588879067886297447238013727986314843156722736712265631893229524704702219887843784781478325525607423258824010050206259151459000870130451076482384188903663086276183503860938479258260227323842964829570738866727752592733933538123715597926900882915547759794953379183555876095094496442625004826099328456535003637762201486537947447583134354092655894519863855113095718101116908336798791892082760043483519441875644733500805066902986816921189035605452350254457951792520413866805188573849102723304094465416709818269692446559196785219897124605051868034965174471302591945230876676143323133083468877762047024658371740504302756957477440801883188808137523452905850965643689884241826005946052129984771387311514173137537975761250628924391768341873825084577511627377275873138048307655317508655584490043455501111942569295248132893875745369370350045031562835795132403948713354500697682174856927255180910312243293473147519640031250070592022111299194939119585288263309728535234501902561905423656273899104046786883919624609758912373572695923333205170590981967211068280757350897142766715673730333433970728357440661952914227013437779661155287707478302068897832526223715730419162017591626632063058479042190061272677277945730316823986741393770892330170171922247673942808931635135010970190317493529224835986543003765466272248561784849933313498319026792608201013957123766586025925141421071486588675102175302335750609218692349250160852529086527403398484443576323363721993000017802157838872209686073818505461653930268275684367574296780753108270516392255053710780861087676457673801652700683066966182613536436925742347872213278868810139625239769077508954075258903676994317544948574850966099136352574959473797860512886897724053671490997387713339786239798298382823486783724048712964741100552539517123298138929731747779396862640535927649576637876925234339808525338628361068176254579097307102814953616993276765205081794615948249369072135727709115657197665031889647109653169699753907369882412123235046627690361481155653128854969499486659260648616172598440400153986429557094407830322021088304614986192765907619131094884365888652790583795422076686740950343396919529602259039307102301192668065616834150811381594225319700417392898652311758711885502111191162471820946036943200226214725648313780208481242556828779526995954640761016897823050606569153211516254334285940533059712001379004182854958561487278747462008340164011380201117633902430021591486594558865719577929418153915077890314158853013336880918608730768283942775573848554105024709149962453055096116580276325260014238436169566661155085641813264852562156058352671061102928837369413317861081854652992235278975567115321143407683947676142216352658778555749515955937196474922787356710895569427526280059840691315090850158764045192022614852148749163623744006355821561251645963633686790686468089649714596349306135141484484644103085261679846833551373068402790381852953650663592193404335074636349167970452368895370660662462486826860174717442374570496537799886095273950766982468888094164696636346362674394754337588636921808331650207103577773973115790508463857018335385209081675846526651920741196542093486538627934217754720542416643876319453567449053784131777864445305327973476416145002421619751954621321418779621098742222544153928090696671195513013365890265515766303287497712261328927302772042435685165194048708959494554147754804114718107572839466118711147416416294189289131317799915241164157690794827229106543615632120557558657803164094011156880493069541290252525083314008975285747607725369555051502170123879382620507116647520898880156507345002362150267657538732345010562238777371195755772262447369906070496217812386499206504731425974998379033589801238990531582199032993405815453065015563119275888047445820540050849202613434063040969238004880138011720891082739684968396512983492803869756468437258963104546371989628144383736748818021493369767990930503485739617194636632909424264971443307908538935840033429991270941978394266647317337471663510548897297602577011574063196713924271803537307325019231508425129087789714010808111734261646699244246901875621113401362843442003475974335816440660068321738439796547792765630707918520847106283306089098349663742587246401279932522620923638373211046296984817608688717092429699390287632440169150405896050741622368817451939605931872777301909012329377200812909597770141872531603260206422738911643821847681331492000258286083219581133673531792965897195264606448536062977999201683746263867831429795519361607188205011796449215914723401584613282400533981481712628356104742918623848100326514331065802317020805981738837165970763293957149210763326239249351811693727593154142148467906917066383579947560441502139028542887600413933390497341057977857474775428212736771163842053322763572913195215814294108173528475532005241404461837653887771944035515667227039147121557511073043729960338305428194642292643117688843177093649916894148842564520301983875085114586568053374512125393106481321433567219073127554959067081145634117005711302666750841870961023666042776657443637155244215733628298631263734831350658165238085703159383066046879993074423208763436900642126237070501581962633864546795583944555221977658263543557333152906960831292994105396728213459593651855517676942514177830354910121955571568316995185860816062269026295141581669914633401245171546673795580109069564964403737510861174690233848054123986391888838636410513645540246884102234019785817424928178931407580158635772190769414615515088715160264135747527108896040801550490495544594631007262053448165326547474132016324207325958170878963288812329438696254265185227716341651008674855335341960410034057485468532796346619693396324891256792868199473901708157133042494750227380538023932558359868097209614909958327341067324976771916499746452674108515124255856822840720636999074144615872059829742688248370369942276667680040498744389172110846579427961974915708786291980193889873679155979944128641725088076469751006357920654004997054059083721897798523238335144814080373113503847320822984758724749748572785980278675467061019155685876194548231068980855968814390274125027588215262095790132473817233407115255955551332771560990332390413438644933656495122518498371838692417811783231414173997636972782100731927478492625572956369166973420586637894529083131610042520505463468132799656879261432639464360239022360371828572221117006743510019608944588468487096968369508944078791065527811854800584827078840140482995395140624330427770601890634698642021566529017868469007175208855265493329908234466764992001384816399022501664646423030224492421409428732433903323707953763549149748356178084520772022348665199010220859491339815721252597343885065131182813322038368821110493572702055724114822170962264127878196812574700458992717898821502358186220346988590524198378722211833404269988250852784454194009686976369027214149439701715854703161199153731995818190901698970872779622746304364803175172360565628976695451129796262316954918035687377803119593624185361870802625094393338782643159150611909066813623006115357394371085383702779032394000634413310809941292391421975473384803898698846156086979425772469517536055965941292078851729215227386610933810853275953264600720340579505146313465113126706273327241283683944831975374326515511884087894977852129163083165269455741699084794099996692691298416519618480216809991681983323438109759968908214416206938727107957494089912955353361674353548207057968790824906354269246359494407865504148671988668508431954816110425234973667516826755329345971087550477825253703825582349371286841159978078898350091312815424598179858365865004930203260293995845282786657242298765404877273030538908853521850740425183183982911830605183497285408050517308215072095747974625338496241263795187062353688287376730990033581732545378449675442326465248548711045973339507373880291812525193045371833887773394934089895423910752824330729518938768750367796275882690624674058598897818917094977346195738094523132707613636923045432097558978121792588505172669170531763847048183352536626632919100453590602169594994905429100782514923714799816994474088734848915585806111290173486211512206421650850079290312386430200871892079781770695437459417117774042240973685460343634049140680363256509300314688296851068132779710386632185018982393079356016625647278523204216221250452047341340523677008520291703846977493479436845203617944047930549646311479218106537807980884462772731619216407674423737489835735874043825857815473076295569121111378642848669273891184994475780209596348188488108184042146690373741605767240453471666073387705331289592579128131426379334990319678922308505438594048990781578074111123845931229276319413596657676886084103132274563849124585091563082315193166967868408025947455915617369284469558628024963288638528594367247009136265319789000499192209019896177052163244411466002919816808440267070300899660950901793430272884071989832173958502585839611250284720813033423923158558727112645519046716147263590732596409912875038564471674044884418361512987184786915219575070310242820225309802213112436812016565604392275209234964248564672350550584876695023445430558027089025298267631846181350737909080483077532784761334723477646001825738830173451406622093671471761586187091841490435777466314881392545015974480574931401715073355888480340977204646294340132763385679053215998004935389344286782939610277672782466645367305333327835359628770562242015524570357865464720711033856455931584888552273594982656427469209478551127736544138308599391160547755857266730939762791131857662481281713449347307175858542372322066740745861843196735487979182997407267940656132164901690711316120783151654317115754939779378213803138656822247735879554576270086107417785782220459734207844219846291637911809247534155754657771324368413027042980782746315407501742298710272181087941058413434533319839091936911102797270762599934988123498712586646200151761779977674373771297955059404753685901708507294960916075181995025233200308201121128749616940302760081812535907723544747977388578939227617012494669287099036320411231308224964472763531822645693328600837661841009112819622888492746052601374664849318286775246644813478453377343783845982748239283912148933508096267976798143849613930979266799785406391878368970823161101789799429205439233513134083027037450441577624588758958937305721525246731506134961285656040387638738013208225476548818968057981874881602733744883188841439355546974190209817889446682026764188941777936504507215697819916782461510121879915436141647414764324322486718484904062072160025090436076496176960641322037297150049623802498157640132627504379337821503374701405118528034271202388247799596277079336777596101057521455146282418055071084087621687677499506919249660093063067091029120872894207844206458978117928197596845723319381492760548305003153210996108155741385052221626559996728513895178671464990692216410461015263458707853583679907647706347057700608887793174738698990514864045450403462806744284141382944128002233500915655271259214838458500018403380268777107443940393711130738199240887593017471565654083010115682378981595183614219246843868361960234936887626186146023546677598570705070694201700717147687727395180395030596014409532477950383127358440768809755087326711452414132800878175406954921315574846750485599139542998395708366665776808160281844135271865567233607767158082877216802616699402995435954170999503238027767403157428917082847332108357749821710123533407042110789252905819759836689953996695274246273359775468517236166875346819701502837402838776058364070085363191117928466681802718534328649413825784022114898225118226088431540027849310471022067859232200879845678730010182353862352609754286337965129228195283113870283779050831525601900417275880707231011524139445261339889175506955060293783082272662195382472733833108010422741596990042061619806743791227773006404080373590070847582422895759196327113542825673952097237543994014128957647973832088487357873006392158621361959888927017219190400470800278441953161279177863912664384069635615169920145460340170877983453260951082788966000479398531090872809589146811457662458985876635830954558464842370364068656302757241943877938841626885117833137017189044267523806176757586791222093588658849634526682655919957796431039477571269528022569625724776780677670684559760322709675774131892741958374494843943406261340732418117510271498167455940663689157740864031655772207391891283796509199351481476186070105381191973954841256965503690041617220824563334466181370246430244381091956074720148658002459491024907195157625895012797666002231184236510635346483298404755078665179137307716978314788555431457311235956025059434562795358787095456785807322397782328439530743694877606771497020736287594463600991092811702584402945678029853481118021161712217777054967956320332068270402248125305161011365505098537011522675480229129172932929532932414544707806675694646227520814188645445497568708434495844346293683057063363615256339354558842343097013435925861579137928335952211568010282422387479560164823161938838354371181336824323837097504419814150487320318219637248380117824313125928836565313550459723647938423773562376569465688505815480832559204240840288328751991454027237189631011177577949151569678096173429514363297319868328920297621929986201656838462887040378882234399407228827449858794573312977806124497271976403857659410317989865275021185697107594030830176962736286331910825271090131993518021657543045262677725336243856515757887997997084428967129331825183073351678911414570259634707451832477878219991145979395211853015872336180822686630410633569819753192495148358095571151868672328411381620057273674261062910056402530024812543743649661907951525833482985487725103257986142675708605168878525759143275616537453562645310016732229936470555786890046878836273140871470159220574021494189632104810454480179887640839079958987619326970459532582589880181328381343643165459842093323190456047053142829300229763649508014944329495803022259310959346881138613024112471612737604697878349167291232697967361366498900873966360758184463701861481025915275924382622415721964219852803480892610646165544567674239054267923612985908334144063862806671051326207153094981067609014743949529550832971667407130263883580623273132098151336230205254149311417400110277268750367519495246146721635904563502736232538835200958448824562017169126809798799720158237441378082488937187061779671538059903215315452828940949002172171966752512173172187935441298244065623275375678569251894974820173293337803139418197677089827593076099588020007484733635729744009989126315470765531557537179177725527829789528473702158546157791774670374397172829347444052056278177469409300656105206796867853019184486415335639905023198538405153004981623660316871124837072068471920604917471764767216385915840775599158900805335658254085991211170570665016299288951406737403094863493079288064433487569536299361933439433070455187362855999557484003444181680436522429426113132359832933133604540242056215710455133003436757882622310130393297235753786311519736878417298546214519116307777313244322551038268270783165912511695478159619905007824796569878802384656864589877313361280146429661139715765518957089067851687978657848240370141997270355609590403795410232683213508405831644660426926487038296840730115271602985918704693677732958917446116679362156913500752036482413402033202829175385220973277803705142649526956574404694291711338129244515973066754926190188740763198344430240087280432892917864291655588937109961489067186339334601247426067696691785803937215341720187611989079360162948373727783988691433728420750044685212357022646224416369791748277391446119065341125017217738941213325303245868292757718428128499788191727887416019907973363454538088443665986423636312401155954726412341312679855304016255948029070548279466673001533365194214731343376565181035538643778058139454052122684510787935566901540114725158020771954834688730163685519802851489896907228418004614179793175070729482008447006830982911741630488262086740889901321311410983896164836103708382727089440774113024469863010960491508834078529057265887981358443165208044933496839160175504418899543106542252396740239893969875716412021875191610517139848722867655874666662221312284881327649088503203522738286257418857725900610690966496923935983397455473089989141291258249901529675746629506489602051039314931658656587372627943146281025283932373365229547081993252490211562505806762657453197550112797290588906605671165975167736864843788000653790866981737181333314166097891793202666601312831564110069803972466573410689799039347606698980990032822251807263668799188414238839843176895715008868959056416932335411657657981785250886672369927946413632019703618805329897133672670094849402649045209713735395981400109634728974935278100476741696410679914926561123055973462182349064108844758105804442388782162985900240822838562021612521802993876956348998748557227320265439931665826680885574330661218620492755600420817752508813586678210641222970736249952399700903979274738495010391690735964091982801315832145814510207305723355578603004400592687742618636454611933661763084306504934595437854376600786154037206034136764274383797196018864134949646083581664312317107089435407870494062971057386034229950419161071615359877958765214355614632985888564148481456282193610765846035331685248017792884659020424171197704174579212225212773516574263410483730858844878188177323303870064138511156779255558585178143079240397734793084734088936835777491498588338458843214668372405079484905895794660003514433728374903797524136519574811482736201966175465679361875698240435142715544054769665268326209652479293648606970652229059797603768467373402112055471262036282801012655068177500183396902839232306821567380870882277044490885756698202681602199358450851246487888432584021188273073242868597294052825172899730247667147757622065869427416969703592957490018760951941781722611631145924772899088476281112003085035488230432196795845238292895623101395779146776131729033923035148660515198309326894530591836925519253534814521584172102204401932402387621272543090245648533885347797132796281892694094642703531932514251998331781435792870672515823680637217848374651730239052369130284558965959462500113755127174579290021518317341934875379442093978683776743308570387801486181187883464116837199440495038982504924466793489673197833082912651193786878180502182083122629112651021826020652205373441027884863414540100333601524770542622050882226839105844934645646114274765164947490299875700763546149328955483066432781393808434190042914370753202701829986663857137720921586699412664864582794981163406293929213063915513739352959888752194021098724473109219107106889205258059823326506437868072717304119955987964743240144784097870604642727526119559317298082473778398114528591516817485752591979489431925895245277789993991941856011027953238637594548879737202138003107468061343498685763884646368214978498033332338377054165081910829961129175147299005040741884927803611487365227227540211958907482593569443187915590450396754843859040094794168232461184538384526885647044142962708053846404338273839608432752432045383330741136121142829534811207822883843030568510390431636231978775517095308764968889728072732422023825537209196148281334597907756674242631553849252453447806716169824460400397792251315499573559395595147432999321330467688858295069204056808206247555347771293012873970550599380850516874453375680988589875333414538846405374378495346626202103680408682744304521758562052387703230911144866475584455474133586271008226677767377206095482024562263981361870643492315557606121069727309213273775232194521587000723934899517612207626818244218206306893865492506362967115360217261574206619300477067413207321266647193297749738446886944089950703956703595567120027962445390819565732447929561182004370862342462767676906046924604704934073752878665907766539329671232820407394311942530571047627948988714536600940225486154368766192032239734143937827796031702722205880199417058325330828165251147462505181853887266450691867377364292630992745859008139450992516425279755160617111750516961710480579657173381903608520424741482758895963012421617482973820027890160769761731849108749273686092231586990872326424737792035564359420524182708593990678197844990758079659780504050630022582005747472779602638924370140005174941139602080033347594557649334153505154854090057827830866558669091421552540287570249010872252431564951022469914651988666892634137023033094406197506768118964513745394803290518959104150786124921283128401024709156518350612538765853794321179647734028249968281591305652652472714172002241192711123266877513744119777147043805512909994136473960550978294334498278765875668799763428108853710758970830033844543266623687487062583198664377361659179933223124840006967431114292774645950687097919170635271689006028384164926697869248972602903117614129070919546440413552921830400936200037771832560082480501334788695372110674544462270899545622823592075729493513925165445040415027311602658370961729392177204156946318831345245749818025587950687352060221268512821131316989797566658742655497340482036722172890488597915045422797132202115481923261968642614013698121864332373100952380522640082522771145784408357192729227355956546826049527950562158769685459769068999272022587793262790507825027849184653558233953570463293913501792718262899381363529106937529960727141638716599586273062726296350354303234396443731032119776224107466998684772327235451292116582791795980120416815636430034819349691467907335424858951527917350140677261386882241672729062058294356656759019032210685812213646695925334322095726538258890516244126693346138857637299518834731683560062414458827557379639568397161672891132420869562084646403831870456028275931243940193091421136915348596962776427653066517471313653924203988929865212429308918998033353769258780143843959913496138678632297434493944430212904830549217262230760942781730408879358977019937997429460060063906987715731064743055691830971476257216253126015908126988834114561221836710065592449757716571619757694708092208450751314506145131995061764951160114542016249277150386183168644182951014778674570348112266896443460045388843481151876628753501925462741986432493611869291175986748769319856233308496414539356258266128917119320383079843685930610836053888211958903978410899945530044775645196089007141202065444371546033079527608476230749415494162396877279520201658046623339919510214469031500462628565036496238427184228259234726433981969098074274637335179354608593008935059210342245230389233060893781638226302232226964987382066593376638557225207358175338745561650878972648055162078490534474558902344858202821392850421571994807452840048378367351626307907726592112801925373570283030294477351140727010525437645770989218682257024615680584402428430679782775809985385118733894675635898802822470489824407207168739234274551047074313771479464302865556936695433856218683768770737278346118893445322084578432525062172821512381668874261138295208967269020491930515443733647709987993559868561701009960122678225275066459659023754327869258002157066096663196088312129802204822911645036081219096624564819734160721441046701960057422029176971841169782544930295720246129634449525823686637860288577433188777741717594922944953228625297172874100408498449278847769576639740634400192282114883429575497540841299708983273956227541246172464706258751629979821200861745564547519386593517394960449028476735791557740268793689928024348013609615684440186691883338747115033276303130559562857161665488891574748960347152308312819360044500906420552738844074871681938416817752751826462867921012651963253945435644517445804265536078759982296524788666107702125053381382661528606405302792159627983468717907937108523736364271756500787578206747614341898722539159762033524441628158387901377102216193481041531685012970704703321404727628720089906355863771647763059278700327771243144459503224022571974489618159302021355324428186541681056099435953974401256484253182003804068938621321737450796234885902350265793633503749543666777595552493455213964087814712292932033056832597990329697960498986186485268268068139900545986838078009339826982600033047117984083293171381647789586905138775059733393050611207784468041995967876657261820650077505512560940004782195571410971238043446629736771937660417204260784857705602721761220071268268446745852486526971137763097570232254922326331197169776106614563614334742206838998077773365855884480420552871107529953164300912905001813949403538497023920783725492750843834350622933440366295969442671745926842846314115710529639621540681468764604452052675295315485827485212172411510954875039522046463154217304356049432972624676372009640347437704584604890478845008661872202099182071976225531326427094562176086559346999020929482663888474271985612561846608709816176414829489129389558484220396667071829026863081856555910623635810230092431116317041241073953582811035127009028071216826677411103658119682049603601705956271763358602000410578763587340312278700539829813894189104076092672117784423112344692832465898274093968672259898914223371850054093528373652308674471986242411541182230264225562635266155618128983553551742557386979548506753385117786326484981522157681378598646760924876337940739415187009944720837620951695801283780032016628229850601239780973573112597568542334500597125602873503441060759531503789723275460834541803251505125375809025733449853600017702518658544499742337113914841186487360919869281070787635469694289760417247701874793885124287741804891077485920012775531923383692355303532247561234831152842193148357588001525669487569664055530286374511705741938000468728031534003115852401515589547673039573767094925567379332301673810742561744436677686445651166216026423994861041823217275817411880224992351924573961466848147181637997239584887765318070362423567680202684076871730204977404208434984184613183125552871451661016261841267229316319443552305582870357572390164061544048363942881911857204996530692424444319461268614132714165810139032461066386507754247600950436629540516993562120556405229171765266168848406634534229573634206161203908861377922965514587835544001332944551882136639535564922429624485508789352079613502736703699892417197895217683347177460201592858948197510844323372648806408249121410828899493283183783575826810479432568267430161449163760851096854729336601715391028107022877876257298158407895770594373303741263009024335885266966046109541930781062549369769794587732327646792346076299581985689141616189731254194621222634255309359733607286640284223765268800510238740472901259309080557256734921122825773069711488131453275047646525504598648942369652513734406315696626596831998934503503843577717218475576902390383139463711031404594002119797101867501222020024632783085954625627816585007398484287637578867941656880250825971863519812086458778027148029368783764817551876055919714231083485868049257936145962448395057535040122122548026112327306835394933721462080716623435528564921585977074652671695991303627609193113603612904603309477720027084126144073034593027973051253079287088398531514460002599706692311610897074821155100514474682813749816138891843760372938471523127583888265266014804060019952784739353574760175689316824262279186246506666134790653073466478338705990197403609927206174598452638348746470421675465611262348445616295281356857248504419010770585507893397973720373689155152995379633890674554562690951288471432317311420058926119713012007379158685539551538912750126569672909362912292045260622299372839184706602275261307535768254998928400303343629339595677524185761703520462167701108052326829706621220244743847608672537864766093687074021680747459560937802611938168790509273676485772637959660452442569600828129200671673824332222267256563902282958961491769562846578321294000901636546607932248909382371914575849375273587591650524945166424055938305028580622575350755381273978692412741304675758012481925029293530063310388481412503199179079022889605101206200809431180235125172779820905709631092565661048435106475106453562215382459464671614717623264461753922306000335159661216106738308956503667124723688663391195814310824139114720604171663490875823007365735091516416425758778453588127965491755051342395879972067814451120810474110905406923803118582751427470666686886843059884487421224764681098984849202438947596093872327151313589515616931463380395811151576559663189425323248351418292349071925401984271617632324602010183033742659569121461047237997212677292120052397000751949896325161615860008160835210117585895260060255315271885070344802379302894397094070948249132662932524974391117543401535716449686771399471013387238684831531973269589301189077812656660939899750704635355443713326911126650781963617105980046332817677341601150345284556747868787461415306199744733786173177084563100998034133569853814423793167930939500197191044174484905712954199784714188603232389290460997182477529512430005264807837627496769849036774055980696563094561843742825221885865629965447847959418976056020418092937271020023551742950713013873514108285771196892141854294683018702337602821155097680761462694603446639412611568441598594215856512126757118122058732402751384113857269802490915179941652486520163332086793526005982296740739975652629025509187934030111821902321698552688145698114392624043451737715071874794158536185188740134503007795405499653072326033527453182596756007203785687135237837060311213031117157012087617354760152774713857772241176975551430549674532746421879991086905517640643667901838943790311465301015991034880860291508340894630627084256917807819549632112548151597055257811066224901884339044047865063591565521092610280682114085605245266573161834888327934536851064420922368891571201375026051692509402747134457339418870074099226193145477668625587651666031232865459749698769385309174893918385741890569435842021682090727596466387873963656785138659013347302790851858819345144537931635464570153763092322888397012728417294841698352380493201200356573145263913298975911967781732078944286075018178808055968048686482685999611731621197295522434489221270736547694621109606095901318147500668560507960242422063118715003127081804010064606108014455951806068209167709024299849957281663765682987179522041486361137796053239376488852518545213584928873835654153970179929219565941980070788770941118621723142756677754295912358158894622538340240223254961510528974480897110585728220613048908821211173975344398187048599557793190423561781722485181942228812461162096762897219863355697259652058063153480200156834525561077695788642962646143369802804130042959269442768346533331089598668972867345051005479721427565858795238532863160568985650170729853199435914040039586578287193047218993153963249177798272212781212349873909968732064129960416491520678005418932623724941421973456513951884185821441612536408485958965008230506043507466846461503465251645505362512196832790212077439225113491420670193156581647974240332546262886993353135743584332817940488358650713424495192740166039945015589130525624246484420072607139197100437501745147371876132777956664359319379616350501475154914186580205096355466690204428736302423987519240857503792109288955439605313162433457730702690789062217994443305166207361430439276369543637637529387399570086280699864450092562413274450509944830018058675285811868606209451785223944762904321289321179719421331345735766420390067206832930487750955575561956890170834482520822892469642475518860020147763969654989172947009435364156745456998437485495046303272457401579438955093115830919977415569952494034161177340572545956625556133002950267842551882115809962241073871233632900109479621481660661261026610220683161536300506666633484603003035372079203407933274337731578409414049547501488275562999616504004633938919459938193355386311208094241191206042145981096239548360326995536385545054529760036138495439526315485008896297134838471042860486011164299377500618247726327679071309471035840640325356552082162592978932657161565634244528768986107230881880506717161823902238586576247523097961187167922309092783896566600253389725629716951202846513612820425942737914816097222003041463269428798650261915716091519762935584941265543873224211676173901133447641419237286361204923265539280348509380091628443260747306073169813673999558369088519447225521720278417901041534109321542404865467410802433800798173443389261558242416365519326285056472134700750227331160159887925107163634559674170886181129301022519163199413503450333443922430726085203457302188819219326109327679266767572883162077437214383179305062777018500571916947178160246088332052008408168283725132300162741212281038889148832495473716299966016805830538609233567657942953349335895968160617671393635134121388300956332114943820210732561429508704078172462847152146651069515000041175122877159331825329835338238337756843979885481825876684080900585132242807771669078074987370159104810793152398120360282646372425321315735800726651616232883880978978454329486318255897662582563002537239499981655622326751056595250557345323754105825093773737574045665525502926823486725827068286586635931703310857177454407957477694022637592104383165084509118606856007014373610916600266408338865445655278955660186831019706818788040783592206208668820153440470554892081483221071796498819730799501345001333028223582219157510296600143401962230986446892835921230193370126321670044141405810936100194718344763384833378570284968491150141895992847154655832305618489861308993790063584494696473106171128788108165292112491035906712322637220410501490835320798761908496467955086070257815956660925599659561924617821337105115379932634665371914286910477652364144301316151147215315088833849401368474451030744534642226185243142938816409158181839364106432824781315321432829790136113313011395949472343981716867676629897892200724477933996953566891787040479602692955632403561475427190352218503892360353709265444463754430551745617642141998040642282525978284865459552200820768235614128118218953419258332279243617202876236882422129938067351091783393372995390748916429056468643931172810935844975164055183123685011180263600576238120873722145511390152870866949972778551602342625455465743859075390310215337983812631971786545828517048843888364253112218130409593603781998893364819130075949193687910333475389152960924661160744060486875868345234423178402002612291748467162543558667641747790208631696851580496249462747863819896440900918379368198875229311944827491942926455960670976924558385479325733259281926581699724462971183808033370342131122814424057425252886485008091672330129144999970670071149989307067991005271690528992085542518927010924865763135070155825183064827256357674688833829906454472184264833515791257526548463372670597167041374935938197455695245144693150318789732474423400231923786840184267798818047288871873764074388111401196660118701801377876642484433477127032873971951089301511316756040032836027188780695702632577775874058167305314418083278718345771024467201850221297517403039263645306898380393472285141893543191675540483757866332277200640505536745569008951681835708045161332890191717296645189469532773304668756699494267870333433832479049940307847765498533045711602276040338943152250015160617939614366332324336928482834452940077112265310132150890984997822535245724102908804191111248137127836266535429579862420840430048548170261986152296163788825335793954844877951370858387544097825062337815963296225985268431453897635869173172495507579247944604622939586178776531571829093535847624863562604701297354827400579559369561322928092263138478317670088379709920278916725275029727708193865144192321773666483677649803912810122258983712902015320479354573773971909273362709903296083108948219380876759468439572097061076586520116021199687164957095548185319182746229304314065924213367092902456227828769574333654309788254345870283205049210228627691219886149346023606016848592626192584588951026205969655681789442036057559287879706793901579226466769803582364289662882543026994948175675188433567032532159762302659731630603980408721165563693553802953098590789391591890252654734688844987259764236285075756279240419269480105078060683889786672806254454064530841357609721344522150827899699883100087613157997668987719334898967720332814113335665747256511227168215482666439765906853521843533900133577386764494715065459354269576429378783892127956688884730027668937944867812284105210796340778595654476315151757204606059443352868054484946729118201984624792536089518652809938554063064506020225304283555636151528552645744504615884984760093868577311666550599111111401376442636304045967283180115276604587496417356107420804386689891959315162591357383877997826883951447122401993523704444711295463538421009733738523402388839151577733304836638490335347176726666093108802082799037828396347202070129879543997821090802471579578865469007328015852561586964545238781313817221300886601073815333934590407732852808045337393426085012647187297372638403341985159479902544394726889216817540031663087082363199827735110940311277205100706534989435921521480519835583001753185272820890171467888051712843244379040009340569522024165076023611865559912816593089729865491218610158030613838712505306381984890354828406826500379061418480179793626897371912097040443992538172458624669989396257568054709965443629197419293274817212676737844562641658953477963930760457445143316791830986418288384714862257277806687242585690328388757974468816150439782613675702356201253618831697188835751424622068248715319479020460524491738978175414344644380549825120910608028025578607317118066052148194581325936343651901838133375835908182113334581924393433330540474585960029144339216719475568879341328268626512161977020167257285219818540796919306188318699253338441196148422550853932310366026466240171947009385264138512895486327987468760829174749280846051401614785082891124013494534148259589562132541479900217293689948370966863610150856121974858342655795103815690292000508403642904860133258263354316579856708288873670429112103798740311179786543453442923843615117541023113959555705581921791973620603784820312915215849040571674197407773751816906540733973538055893017939770035726990908658709103350263776413345603791136850594047949363697177646349874511325127010849243555340955057413339160747386078038776077821284413238461497791803693753615732767458370338956544579831024372442831545679432032319041229231226594642232836787574125098120075846269658181736852507244024157302297345323449740793494752632571759348960592382931368609649795795077782434473032199738269616680400933940524201077323128022953732567457164455380253212544110656524549150469610877167942121229453515755161973870594555457096414594946392187906719663651842172113826523385682835893638974872797772933072551121819477065974760442677005095440598845276266140620026121476199575856200785964627372592517985960147638957858467803723459179306971123014581152599598801371365681584633522692106094634031077678388112840513024473788579915667125733870625392675804100231283233974129264437997773636579756899385287370882019376525963501404822405847319971559001658950697859197591836752994539788276414311213389453175568393403535392856615286919477368618556545188802337605780470624643114802967807587581928973947375272589248273648631058119229783769517056373665861775919230144775618993656979558694524837885949277039631605962824750730266380881156648041054620627471394779714415027920787044396370896676157575012418327642402174651392430926223464629300248815756919791716950869436712244340910100395902567502133200820455662024619476714720030816829840376425193182020303096372474904493483085910569170898024722021865624333863417194896330042020470636078632536768240581421769898708262113765314016586158391794054968180742369413490633578008634719498846938171878367046357522931818597932481471892151916792850256162796078020047479892440123440459806297478432257398815256616817008443821899797148712922898257270852353915599979007755253789040395367722464322815502141647833805254865713620734579782154406330713518471203829101895301095034489325572196913446427987277229661497843276948273599351822791245659529840608132995173475269943970349079026304265873546848735713009430026469286222418156077030574417626214326212352508113122764475685361397036763212195807424305793012874480910137082987052422981941506039437867543408475560340516184555262319065242414852647773096191600445924650630547944915905565516676354322481728665917475415922308056388655833355576743341343455068639603529554701283432775981668343546368336132954627416807448091517869456568392557411040643986827683623012058649663624479641446044195797343354793668156060926392412258007257377207523129749307452646948844878751626142372074865343286489639774023853611017973939736535207285077974959176718152687191389862639737321960537746097500055332995254987779899556402370504943322721339470047253744909085587889971986939222447843184053055018426362413554839016045557682168034630809976097457040593253104700977330586967594794825546166693740698424619163263670190143130319153025520033720404969672056058322177779728551396484503086009605117991727751969621032057583420895598232873196354725087061484080160291461634986016087287211941949752308124464011096406539275826346387372418238545288867872351727401275419251243146543919256819970380527526185286976171207891360202841979473642652815103859196652449655409036769149182565592273944706511843908323470091142548387451874625079525500225076145240563238549266920708141389232288735182918472364790042313320116491781882287855959898163607776308113995574150888805121249984088299701799140769454025158607342571518887758061873382824183072232934430350757224934718548948740437288624950759598902513396834507673675221262735885435494805686254309771236189812642348795053791493306884278525881953677580429052538504618219317402924840496870060005674956824436584805751666941059874162398213936262191614517636624243777307639093677248732548477913600814710666122151020654805681425598908895694147839265911164730128167381148842419020038216188799707875172826260031035770192869991232494759700855635427841901305599609003037357370379161003569634884709043120544752476952408041999362502876853531916531698192343179877245497886620484201171204004439485171572199777128259282401402008226984465993093015710045903373567124721162463676889878745531642204624948803904880520281966839510494155061709735673118584381713968269852798132313847970646528440749774552150975873306445454431041423092613380667263666764415319810231075381619137134330808647787199373701480457345779436765536123888164362956313276891942880351329306516108169927877898960950394176522365839115836620618078547830798904093151633666667744067315436549317427449123989157936785929121209336156833071747441326310486311729438750134153129166869370141891088065743595476009358600854178839550833752244184564322242203483282223867525759490968390489082072219522452942011392111563868151497978604161437769243232367660661273728310668262868919985026914576038850275190894218885962267220310086316395850728786904787379549868989250854298095041867870054192030844762497052476516692762165136895960531719251479152604016410105548153160387327454234624743124435327483760393731271909222782825681697967880271456761902140167173307021667781655228018397966544670449935503629676720541202611498465990719462931728588104338302040332587933006936721288028295065731756305840364676917861304486150489390304364627676769079677749429236203406750607965758403679917953192656332916288944840503336033543392616574360248228659613975253476696126126449970159121711621164592712679137056601647577617687800499734413629454194317931703462776208664767613694398699053058791470426459666127796784309243463933662781895608854650213973760283033122668709009971560868841726711784545445870349928761715645347739978123588127020430127325117056650587323484599524806782759963510857567634643096315630895470342384039225905009833979200050392214619138557101732312937318765747781748754261058377740138141776141582977013185914706175292392540173876180103625972428957810183842092459386737157438987613484069428206575450939680453996138776383788165790277816037932242151264437415418129537067056655084719310763917835356375300157741319418834201914346194658612471304172001521393618087819030082064186520787729446855963753229893970870939501326158553372698336148237099599333794810926320616127064319813451998595725436024936793666406986739670064691153599362288662207043114734161117266023024690530776550608197578453543232782346239492192894448768799571253480685277981148505440580284264738582696180736217462781566910396998862220675540885982294269251690293940822749984713740920010373563717775678159278388882650570883429891997529885905308164465544818784908456261711949237194085843337129247934179457857341517447393872986210937525981601520175222692001145011592656377212851756883837823281760352458645762928041179027418827077142574694022718268805179317088444329674959323581894629505678015806206092437989418045151397376718479296633158259779897547317723267917178229746862957088008629312582392598792616061842042758531500031217634785965816587957508134267237943611486821928189174304811878422996936155508293544313957308953574462257929444743212516981164290002640695408890698356640609553240058106880205229589508172739401823535553671444502445886272927856970648027578195080008110161912563525817900623804958184509916040069148675087883093185146252694230884828586547498356533800071258265616669984349036014558314995171843598312161547075013342751304822366751158758010186633373022746683278401547165922845249849435325250277971802342982779454350120247246797514180195742952565101700464182514876369572970363413264710189798341153789907376805835642612224833782820404209234303339016569007447818207823211848377981944893416105499874829555565045747004846190098465379305299839826819953040504099985323126255326472019007963757436413598599573465488337550165755952516676910053994587969168690018439949191149874830826356176268469825287560238942187480813182136197954399365287147374433514329762194034878969995943628159929429220417051976281023134037215732702080250451649352728524431956105320185706294886924397850226916981150908458469710955699137676435803149628471298356198976386089172510460467764493807714551871460125385005662073866592862856198283307266416232668224180534115362167364095126381141883285683057445226109997509987400611722537236642419182160594407793721498925406026988696742364855253299389631167329901208034262257627690339593499176649744069813924729872800276412672953239288102229397327626715084246000312394455071758248615160294293130577358886793715623958180230809027625377980151366233758186809908843038969909525965100257077033661125855515897452108737284358411490124995129599760303637688182997823271025028255439931565562826980622937440433012049762246415702655563641147247469662185594350672180857286472123679282097568595144192178177358925523128900129619264637046586825534880931590340695764640512805697017728708246132118963465617379760864520752771674239161201513011775585535932597818417850314008610451608900042545691809890739357570224043711855437412040579741628986524543475169550603801905971973972854408780335643514764245039479351226135617878932094134862062352304176617553909540161366977593296221513386967482125348979222248080994423830187160049461845216438463447670416501832097967338677412098937765790197149412177027889591570959041842368690030811938233936054899080879665537874659725714900050086469060036121642458959700526841020667367181784487272507241781195984258897358499577383183271127383179359599964192826758131148869461061123875911237058180742136066272331267919814533255860210044952210198269073837088760990975084297244537741452181716333606090126439115315057861090610357357099324003679787974985338779798249341850725765923524257555597679521126254167759294439911635496106777674345258904691543962625951224431937366830502116548066153372816586247530853409858940722052825456852295430607756909653366527484066976188431982219145124997310394097800829215012580726334393214260508681744258802860453925762863567208333124951802449660747283999065685337330342720306856712378427140484333995844406348213824647428169649897606341219643013241610081466683860920478365058694365245688093914091160446994123637244787322165230732943495747031543826423215906077785948916351655789931978250028075847259756304651693325220954869568377181682537135677509967494048738339758956184566200710385898112544456458192142503455678548597651290440354635720320322451886698544933105181660858614029676701241012542243659348470286500304797858803651724490379807799790920546717284682841219741533224514014662806239686182819048840052654176460639168586413696009575484505056331387972027488900362527796841664538153262234609487364971436339337778739290748962646265859222806964319793415655307037539498772580874906022702598089792567182214186492361554123383566111147647073430019037448606777770722295912497714137771623380488242267753076274786020235548810345015769823734446762002961925425022953024555817935593005359953764536009566838332431593407551962589189358804178868774977295489336447900835452674518590953651616762198819972283774857948715899437820151580994456619015102164221957023122265348449474311641484682629290735165760696745764592540655960292169857117581810360126128168364302406876705983770093796957214778552304254729282213635225026277666216903428118153324444733375976414327388610317410350468007462887719588227849229944546867147728790176270923659510600529530301182544446975632777864459952088641349896040980088051173672078561816125685770371363888292991149948620914205182298801510693812514313920142374745966414287398718048823476669968235798205368421463545453484452772342818311110952222266924262901237941144963688506639132694791696561663516711085568004163524844301606474080349634632797579599606118360092192940345931842662536928250505240615422498174225677869409650778008784041701179244428419076292487755270388656553939929933261696559449297422622908318038701127128524433231120485720638382743568890775386897010946790720701143031942451136675053019172909825649003973300661055471309101840914393938473081954213743515690067383295449761496311979568393350716706345346150307427236594150414322977655186285138553062437960663599168134526742029128565473140369432403019686207220255843332330326230665100892537743427552819164138793291128427828197253804811367081084682265732359500196979927960944129647321091109139165235262456246604932970199241818614772889023366907797079981911083577798335803308174629961820756627685983733762838613085699463728593603547936549228358116134904370099547753978429802343883979353046997019031287075672445259130468442721322705405894319657861247947390362546254421846410126285749442696160299840073621310737885703007023100512989043227258759801822579046021113381801857922722031261548044570209274688832032998422910140930422028013935333931073573544750772242025359462059463020383969099437279806156602909745648142477213993097890968903816152756707239125097126942249540690238408691806042465140453897402571420122713851570878973649270842069906661908101982288296646395096573463121455908202487527618126224884567081395752374425403492208396205330696721949293596387950118278887888528721892220035084072247145630350093601633209040212727230654592425386524555485658437526931264850958916817021124425404688871260909303714577892246219343993932074398840340567439687835894251295728316022220426493824737869798765574534723390844329914308181341735329925641829850695573072285999080941679925448284659130612629304871943032280477690489622148669997103484295520495829954696838535177078284888623064330581615811176497703227209013984599295055364271564817747651395971441586196953563723423810912302146384076506039904461209523077383075527841726730518287594332953946816887185627562829224115426958655898918455317605459200593856303293467319477081230892971879002634562458499644803970766781218457420984513504322840520230804416959237821713045362662869517012791773392034010558224915154420811591802966270011705515257832956885325153581204907522998385003456932414335631530635974263688544553880750071475784850680548382276241079476980183760055445353835710410278031485629569340442345674668970042255518554015543749836381532287960420526281104748531460261293818905672596607077821074707931517976388386120764901773195524046861808113845973931392940324054259544273576719463363401825649195979387596041568559724722985692397032185602124026876973666644744020927722924321812554067961784015612639987693637920806496805534850329154945981489290846711514205006433473387744684071453449789185142496017357684114641397505592383010824839523065010780567100185664501391538483172012436632448633061803707582739859702685757406437900310055967586746806313884385192495483352709421690834217501262337583228351126328424275587387623099959442002094118418725397105072576987994893130893181284584968274248096351627525163769366930861129716878047536364629886943832407842661225887233459638573341322991967216967487980462320788505449326923204080981337839193807983176817693822094230374147731627979448908288958189674549294937926127256775626155899250093028064223270437950376790025109183414193977189391385445288867496231622608966351476308786705271965710326296311506263043256243967498912739182902421425316671871503212202681507094538196800155063415531554545980051909142122138079707606285708425846780647586255561442904055772026518081886057476317951716677673549790153738415993693243618289355144826401651412993269708316014418378957921361118162945144555266311013677208081423998862905332262670466116091269889936604859517078142668271942892756115085765914009672503863861784581663283177505567216715619976731336115860451285806485348360471945705453303560021266629694902841367463913977767050394363424692239797194847586557211618433461574851212060501016565601364425027328900431037582960794585187841559173963301654463228335892460051573231747433797051986369933976624439586689774211443800730746725996184471653034603737650797368286495604170510253185625793711843833178003296867437777964735227964451818435064441142978582611407140649701954609396939223415952913077942039156097831166136297878685758390439339549282348201778461397371128066933001024417675662421940657314862919679656474649423032606631788868003770896850200524835181190982029850709043185612237455770232865374690573069038620835499807039129572867195470874048668217011968767380850893476566476344118826520325962011647969814799223482312506978374402411217553024403009646050818341537209618203118306476605712891954312464609899031993205874891788390767534427034287945614064252004711740482664332502511024551132460805887597108597321042676331046517880591967718130769435302693921252310611437009686340971396089543914581020598056378224291265655475538952630054613035092534621538372597047868439839583982889641702138112589651333041555436962309303053394044930508834455995991484688695752304363614226645938748738760244468834562410875781981264099247761629014206613575726459308724240033400412969574828986742914295799233103887419689239221428275795284836083655254971196395490842730334086931596268473648993067341049785996783488934786628055800011252461297164459303734835517273073411551081995780578819328853969642745641104459905982556733757272066018493271018341454970948606794980912241288890198680286651716378305126194270535353766181190088519065053344088794267758351169828454409448806797240614535202952921193013038362926328756325109078404093714556313018801913041980132494981479223338339701301073599627973388427290280435464555950337252808286962076338388644952436970874376226658760944603346404950083193822663357576737215647222892298879039870980884044401785641318646411956725935373333018405629491055470640484042066960235879128643778255542330583663362847631059892419653017831181669654730530079130953865494174501535462291241512813916563655271183926190579204944518279103642981460280449085242466400869571022880069070343766133254344703313860548882917483951545823338787615952359604618611900104835038537572408825482679548591705646080561721537282602439050685063233125386950513592459518220157211513478849311065735533175489944554719611600764848615113177648222942785223751188919336255737870159430022724505348147200372691783112918547088068072730288071396906009603550976317693658522143219293787624505040896135700169383129791100083679879186335764066076331168725531826536437568278343625452501140918156221643354731065886388152201749895922711537013539474181250496521558801746757069315997361596114532576422724059855471609101636276063872526846350599143083691332206765224240912353175759819499103390875167140599940504821731585206126684235218898364123610339347527256617516100356523929480035577643836437111498888507122959207610891397753802850135678965134555368076136513454444817621436828947479766269085099974409856836736676513852867598457037974835573971621943544093929008955229485409869173124110440233548098116662325832730708525321015244860306883710607498970833653050451871270527133475449064579930977344873973009184643466382503025352446970784650196322982652315974171432841177177825036012460926701948217324810695801353076661066839899931802248049202381980874512605245946913072712612411081106683272541672399095166527749467289834832118553934130460875352906961058988950771441095858679669323738040678653072516502679011801706588651304060704408455544910133798160456383393169674785331147932370625586403803895080317488375112825720043470106708827537052965630104918485150583094451287107735613800446139032622197255637558585753956356378006139987671748328809632248651822250069934292870194909861412327240530782061120326533138992391936679926333114553022884864309279887249186846232360870066540764822585688680082695605097204956165293181798671874941787113323543625893675362136597991313077424404455057617897947266935718397595591408108804066136282695239547414626132905690847550838542273112977194490941241534271993003091480279185714820406765662140414081607441454010597005735459580074278199223009030950579365640915593471690431607110506559874959167681377775632333683916716975221031126131086351860855660786122280792806166499844375587926396265118276341045785121996116344831713158617303006256848675542828591883902120690561898700553754809518721087528422632224118717687925606355872102422405007501832272264279063901290824239454990981718009416961811737245664466307457730250014591623931935551595362564503091689583410792774123976059494346096701316469597740066399220043662221089769016506321044595482228824860748681892753467171110573455419960019080219838521996303551818396681343615272816301773695960953356568585515042377338822330606859607369526193566792374062024887364346435325819868147233574504330521338191633022490541006977420189244428980575871809759459351510268431107949536066127887497617590679996853399859000539793056765015786427107697922652900247172649884074022792372436142667194905534174561163846337949154146210241354235172491011205200570407161996262586340515727397249242388686945494450870052120470058717109886095220058748722570612508838921332435384812131000273845281706397137722389469164970810862537712943267907239152145996238769026971718137083626299992016372568833899823934897953390966797831825000611369941983977438790056458975906097910438620836286542181260479238632163274951448588084476362615866430349431436308210131893666506077213083252836157570144690586995117185889963964021877906713472593932666382049266016324331694475078766014697784159690671476032559095934215414184273981382114113520078394275773031918931512934715936132923319163261460447164411020795953218188452718242523344992412390028004374926850540282943594533221139155481323701526520782518336936114154404816833823637842874930103011903578108352113085531514842562171994574400855722545549169566792764106953529504577122580462881914300013990155801710758592285306583387342924767408417514092455857882531600323003831381912742363331834983501103364251741376261712591843378863928742734295664746089360195576191240911603017781060276913396916211554894754966287806381084537726431780897075237636306835296858951624579173372784456080663464032197991571630287559277798297624286946710014524162886592706311648949236149205802637874123745268241976241897048880912452683588151690961603497187628028903937530989811052119783771125899785176255241568081685141919559119523271224305825155471196978446563915338149361848404586076201231732479667465413108654071910726549026405473895637346663655064879161324525780439230508975300470571442981156879376403304208117067903272441823935815455064547544588767922335729290585020282787618005787902930626160766964002753124555589763626555466833633123016325333988614698301131771067616184344961751976634445692397615448671994980935014748582030346228510952871827616011733067133427494549468707438205253595902998760591322788477667888675419434803416462896228601983396512716533225641719730344322009974747844861008420656627798947973885584168552392692016358936654612934299534498957345638456399527281348987849209916216092599708682179189984722471292612560892785303250216991720078379293857844593882791725192524091366377873033351263504541868944770700860677981063094989603760856199493955526043308041868093769342181523918620713624349612197275477561423205418286320326221451354585675625212102324209089048200724726316902512778414815454759545392559929064395127355696200741405276607470801557445588552139575916843950355711578832977085664998282402835455587180117216559025373138933768116255359573224289150677375300632366052838489809885008203424864438900180174477756651319896293761600765156185488756555040580398906471491027427727015938320423666670275195352752536648892454906291061726667897893571568568802008209315052245935884041266583798421272832750482713978577557974716369935923659282125845318967135143267768339702160921175853191188648355283307953942726359659323122461231000295001512639291773839677865253258926173820809833117872614988392213590547174650180019123268649923996541068406878383792345132485666846910256466705015096557786807979807552052480978471977149829034453079771360743528564893121185888672745792848350927856677884769749315736106284800087674193945259670439738893256828688740410199778410468479896794351884649356903201706267038299475140711163508596931953069355472801750020388349915753961885453104844712642281948844642865504737399236739784302366979252037772830928092105502357164470618716623162671769766984083662219968875166368880070139348081224577588770811668248508384960570057947415970490497157325035876980411725331263444883644378205656996120276528502976233658936271275442448857675570486766831471207802843496707575450389609443214449159108757364362296456246307215100042222336016321760642713936227032361132979526810711119162264673886180683573615978302980858771332317635498052046769930554968855818313386570824285814170338532173109148459745636157965561034131309692423788590716303908499448683389206545666992322008693194358938872145465381301289395919976781220271469928318406068324246267778205652084375501339100974490714294282565270273897906164859276005123463958225421644586504804907123273013410761557490592846083389974842723645441649791047517732763416489127599236314721557217455830314418058063121686445151864067363058564131805720801222773595139115286551565675778978270044700215179676539046421213011499511974614702247838362593098856225157890643854960669200392590040840478973154437811561430153278082737073400573999847946089507716768937826846737469384020059217345304026590461521613734182139553503954641656648222523991678072593108510852897464922192911267586796521305746512121981225803130961282687609823227819133567996552810358003008268326281283203037635289536314376512112334259174697760253034739828126278376370057982063914658344396557826250371174073789197271466327706881147130728399952750738844582673857189275153260174380918802519618833272351167850352729341661126787429621386126320796374958292506380925272224033332820946792147197099894104043295812147398357733236240298435226049949856070299393551135305905730725187587247574691582203092198173533679907661904753618501472532196452762202419788675644587651035336127619816100838508234874406275413349467114456563983078288201258689631149594632069391422767505435663979685050491936003668395048680453649742497346761458815907644615566189960223497780145242211165582197892880236831111270456033507923455317985944181441130635517802735160458974964075631628981545410083331715675942283496711573746829182137016142270333282938183215254590347477147799889757135235715712693977043184965159270300837140241437264227814689312296588933221514241421254273543003719505946272688035311276725133375401256695512961138978486342532594358954423942858920723672573938370108140475467146136972923685461178655862713251405006894542923667927738640432481889731610780809173514142374085840430861410081403236407767687174423935152831884667872486814910415245815327183635044300820598477445618128364044424822609563930912720723244185282535572616337524426087673560164987369297954207907896506940116744461502705770393037280344209258506692316176679843368011263193742677400838768565178417980817839520813348610367933813650762326669818975729614761753310888972709053559015931971546968798427018815355755014463085108592783517680974529979448267432913309090784087254109678372455049169607235528056809224684380235481923426793508074751543337444601117143687332738964534022286248254610701575392925419895807075003712959541985386969066792468834656727656029525662326512039692475918916733144540460312836966352187217909369937323740198383429924638545693582523601789713436531204086026929375801859085790700465844532206091660413378223641004834028138487111421879913358971336995998812247603065872431776304132819447776678124344397567569681586613864777715943604479603090321925827045431224060830571030217521741838852667933238973720801972740138427786007789899334724969126673669958166603624275750787677733061208786195010072222195681375547062769749981001433675375986673733019963036949282393131619094842262861823788006249329159676474755140776346729743889155385999909441897634749716276022411479681764155503877106656030883770968958228193723361426209994785293697794869769870347103538254289020648919462177860418556468402161161126730445282091594396570238397778550524419909428117790699108713061934885840319125116788047588411717465806261409848030835384508022844909926949844590552327975333581266125925912473892004078514989849256355321108498205978710050431773292877512483229452797170570107670142885244710633074173224649038630600408909136163938471007537820669655636958953548399619372166337240795325045206847179036449591730914722077744122037793942022704283540180495231710228667687096518592960180170777970142821870157611275921011756129812942994055331754125113884036427133486750371492451473375545134035479044657096847534703830134619441192221389424080778478588211216064324857676680221396728110954869178578376168519880688712236470946136507824631184075907090814374511042581713289144153503516701239424191830130241147245121676389403899935900974748074620658196167247450530878263064383937143297852413650175685266590668494802803537156809334467911655277587408264863482619437645364654958721288271019602224077710975659587057372997511408964194691945112290649594956702499679146087532528685477579183980733478838579853114021306079765522106893872720175866204465447086453908736956580118161061237825526132730453540433003686609319583070808080444486471624619131328495439259680644551484571448867346296916308182017202106415681605927786615575556591657051073509782399472098825841514309730172808417473901595460879939940989969132043717509061897586546823793223991700088669857887632373846224940349248639364594511066954850134417739988890683075061659525329602078349529201325200914662765680527591577991189899682957151172054672838162269835449693815716717019223391625333898530667386299897768579395344015828431274494516641881222776590267419008233277905609848305537001739390204031149343600296467462555925719691908806856731550467025876341852848777367353876306649864439216658555687436596745449960205037646502704417133032102957977763616767137759917889352208318184871704139233334266763166363031664151255651517244664434345500054211200370134599865111268349304097610754949326649922869799012142267646152488319140105756343705945339658506800052415774203416542369586949247971231976467551758031250286229358888029007769773594675684707813739191075240410227209883493693824860854386040196616228395892356706059987386404891419738428598981008638702721136148736131210359539742573219078991777701671912359978633203264076627924205229444765710527523410154817471694013506703898181348513129134490975039055356971332531630331382939789975847336922811786132951810849708474616205828065306747728501558924117329306090101210280727900838288603136220106515259813302118443389128508750365260356990683540893720151978291053758512597204654955565798451518821724330442819103893442856084253420185317945373858810311831396646194398467260351400175589468282494304822154403304442575004691218271847653709104297443828290437612486241432557019723098701761478697416127255108466913927744051051595422258956855755361260393742539772831111384721521291474063303455691200239545775903648463702672644102942490127539990602398593038055593924648411916464979292162450877533040392107842759529565547700386098101893107256908341183885087587171025352203134559606405048145331907084632069286757436730274910749242493222092093541229642873979107889313555675600562092527159935039617042001253246881455084427150807994595937504509616557273585482988838704559553907529164230338823759305090903567533519365514433525651147375543511825319267973753181604214362250437242000890564460482719046777036792856842244221262583006761668941993077659040608431904246203305558437300998813739698208049567516024585538856473598304826783784789600102847832892200687322964444799487774272113032738885712503372327947555074886545600502154065833202816333946345989687040183325288714206180627718032607968449383515849549429803906647528715434273044081929624160733314740041614197275245403401134136947919696626951494996770496128375529326560774809968662718175000319878743407107832154422695447380321908028100275711054972070269762202229454781183516718090187227085991571344957340365773872833440511595562812507174198104291426384667908496582062701312771846030365605480925825363180595238932013862783705890574776647627173464832878225483102788936243060054443096986829047104302459749163512129630140647021206292759509378998105964041500092482122934951939106700679158926912092554476827978734552588315620858621204461572703915711137782750894319988963338271344201098055162211608372183685673731717836866995061844796860224427607497498460627764080127283786383812450144636818248125565650521244997053304865127078603000589583219851353119081559587469345824184034146966487681163036930976601705371465086642278553642385880714601675164336869223205956260551349200429677069370275725520297969508849293168040154453815126555624857894207779540578666436624084700614977667782596887134550913781990678075944204970788397865120519832239497880255507625495993901799124254671362717609668868596038580860709525401433926746967505862860054952403426658843207683833288840482735508171486178200371466351820224139927374646099312476070569240492617072739959334984359865521429016727591877911138963447285402091307580692794309103744943813882744295525418031580042312733586258972180315098055313805457419416914125676702237168984411433603951458131964254923925236754454012595291630335867477592270970206172572614023170057585856474607197012708573876922599592623289213980744600275730268794524661634804239610280518483463759105737294857747599192529616485098309936656807396652140652399526792650857164084528868230761539604358880993956598410224007808107498710158563113435768866937751367081714331446661492733014153630809398720963274342870298692375379939135320627386496148167514463062482039582962964620980492154791426846955240237054410945599005608690963556293069878973492530224076359390987350358803803712442119099295185007998012137511029109528590577628641447971747096151670495941930972335446988361856804681059751070695548498863872164460255570470005196082788116917791048756438157950649473433459082694750195505717850155209612249133697480833571679036158860326261963757523800431543126959782747650163912177841212724817707790841532441144860969390891100248555337941496415833623735411828478948477148246597798290742466662867438662171349311890857575386667788479155442120267998278323508482675344539074360253292681819767755763839503199213301640136779620935393830342356546346455306896822255566825972382581358404504645870820256469008614507192833755612942673798218958844142255011433168981942914381416335552629119750021281062173686828633071021452145298120442969574000338608879248647487159323988783422383315553710684953961838541307044658840734587015118430243685214270170908185743640107521070639439788833686538551326342101131473662689541954431442530835853358114848813370746534579204886337161012671945837023076349773855895668931127386846983158009140914010050810749506578975915200768607435764319009298901763138024991021365546971328501508112187372143363448655972752276620541588324591455134977945636569417165859343582057012969557811652698560219185416525569751734091237183449998080893217960569298801655579287592443865027517122002727143909254279430615039045667860884231588190400249539624154800739087258470509234688549359728103011348093999887016264085862867809972089319565488090207967323192712290964841883559176877935734889647241481288260064022568449064033043291316192017508312393737337839160450097945337775627618558481148883801944425323975622664642378870215403600425572905638901551367746112016929983476887133498992936778720816321330348736088951746832005900082288516813820334175946448784267429293224956972867187767658628032274950946900795184896029285917642386919588858698042874118953160537223575480742492035756319498243241025323384164493118037384573065983009952383390717093148705972376362251992937731287415425819532766564698332470944619170661950944426711589400553340966763655453379077494759502306696345428473288986431043017851708260296744450341083504561283759608674783291411395472996914804345737430510144581181628735418656735865075270007538476780193441486779441806734126753520343483039457281536848840260454097508662238705000826889386689058492546081709661502895586949504329333314598230803415695514726700511988486484723734638476559694439812181214130761996142837964924355759965471080883494694000539845456771508425286560397978516968147030907572097407086483880707500223236465700421930388975634596973593822111337042319591581150952342798153809539250421943425136836868552587117321939351829856899306848578058302119377845055146734990337182335308454355866936192371040733106341986293078250907221312456949836110698189110439048787242720625046912108015415079533984656121859346018940556098058881931042373086542168784055644404675332487089129203540036650597701645177799636153597936765317131043693233392347488842011658190864358651830098065377038179122859004911717636740471408332176886301071115980230628846686872126426528128275077959903583235971185645869798114498415503100255056775061235625883839148546469406382875411889666896377651235585281587592426835300598661523696319798157925917949316551795463948861862547923943099251954888038760602145794706876511555081128503959239189776432279800009187530781695187087648114391688706180834887809398205065222913692606056998107837170635288097878135384517593011939751079666219834445998944012573493817127179714656946847550746722891674219140226828352043175569995235956789406173889871960952313293696665084737837581589812133594289554595195096012433618002459463747553474193364151780238138611751762836536681154285758824660521842018296082829278244314574305585760435918743567013916815401246700649806324756986320919952887132329441357772455784541010114639570500356701502864768995662617944990970249984517233208753660066399407748356019498436385406202614975166669516464801034721929467455760450640438144683363222907405116026213627510617973029420741896849855688447402142256808197640466678380741592841251666463691717241625688952141805164307127411881106961644023678002227517344049340650636562070004769496505882942741269161192508871512646419955822276141626460934676226528755936974296691797875766521163027017369530583556165643360964193574681900121819522882760810252284218372857887524153971526340821956811616021687042821499688216477475088251396429043575703703065832504717911148172624462763207049328092447168177476015851243838341987167011694305201221715768047863642955468095724683982450430070258439009863333561250290132668226354031524924948263771739253305783304957533668266030382821363597897602791994296450641073157169853198276505424617314645743920840494636254308718367826694284498161321719660795616077763724350596513316544654421309320230258698724992478993551034384343117402508066070420034830169321598697049209718538778260113910642358662252377567500443428908367471985634673210847885575240600951442064568387180108837349442923501250650114571171219500765821987740300783576558475403032616646753918413919944074013962911695481823619251144249217834791120752482200514850673423247326500162959307439080636739294223159333379598845745372508511556301818991626203032924426998479549882556222897751101639591755535855425576273140803364414248169325883607143098513405561479544940260177287464064310587817392627146711217925225695678509100799580863767738740320595728967807184252750659601992202577732404846077911206305538459182474089693221896465760735227111405962110682045747922095334841708334897132498787425658100135057719239674675567857776399263719195356279808685119628423760462261269309202321209999035925670569435567434024006818449759216344952931034086058594529308841637810239585474110795339186367437464250980518442416096088351140038331239154301190749491925780097201287868677201679716152259363551368326119194905838930501882992541991004183069044202189025843005047345286699527398083500646707989096476001003023111777347852785402418564580538115480115168385737037118675638349446601772206094104601416396182663162936221686066580453463792353010778447063061981094760050751075752511900492853691887579064012819427227653051093788077086849260134005472188841652991782553625366315282004053512391877811265301492812241397616788025777987486658232483439953957664438995933109301075341664522025005619142576100863764684329285005035438580599781744853528317779749564242661732692506100624941528637741750386834714226101824443202423491269483840644274945436649380016905111467995395000059995106189977574127299604581297462459749420824804737929416902684404556504510245850911845263068494350057715115069639896078355654518997475587850165231988190646912713707585350100019165900963912889968930208768780575011187787956966712521397456346171949700658628167691127830280950041019757189314443680674953692283200223427461532828215305043031986961133357123207942222830382379818273589200979565468492137615352115455187180366406995880132784537780636788303060344899622217096758110973627839004894351012596699942270210474488434949843134471435759907728216599461228606689188916724451865414550731687031931232881468935622455326764768558174706670483760418178015861584491050256731857634578485474413495806841853710118259533105466779329056847974565729712375938684143703122369707012221066893854582371825207498441181765271137562718009169945337868285910516307904774484695110322627497549074068464336332120189980808038661620784499406689188075250503540753456221899828104934869462387941336340479375084316314306071801033773249394200983369201489344570658214214935175095872224903256493820392827060877565552217114918809982640915100393727160000066376637867781418417308746776853484860048249478276576154908350849342107367664408920806713776926728700744223768447633540883742314354456554747495983241250173853572543051881401095548119784328071435737837863537228229033448223563708243905877884963965097072599929487231875762468113797561286066407151328913404835168511547786278037253295109523871744644744125278876962732830114769126154620035121065077181693718401402080161253488860037203377179825567337246389022551650000184324254052076945438216949061805076906298690556832325486781595595726916077604911559329253696897733005965492761978036740526171701748927153945295193558732855634680274091926424898703528608693361421502986513999956909112930908781068346106638994434594291631244354405704097296768187466678961008207742771562136327625712700370696596014341238544079264738753856467060413266399100659700091881423018318893926398905967799435216873177397218723391985693890705870604113710497037238955273230636724872599908179254468358642051227069016915037053477698884746830373170380961464721928700635930397544041841517433099130951753443913108505756055457023709870979956647615145914410329946329176443401686252799953126674727436962243031002479811657897275884463683605286190253471621667004502734418440065092341957649043660999461997829310533587961671544961143690040384096081616949232696560823848969965025250489403668311156698078873695580290547586145372072696555834128277516504635925523568806216982896514205682820882836795069804289193959137220317385514569087253864407585318341233686655674949234213933115414179939024921120599733648525160918517289584474314025113723759383658590387334897968785657103987912322122713955035454159254016317386546242014164360929339508088634655975062955466923485220516450301313614354928860239868830499670756194322374923459591033664347128380710684459825642853183738249586737990770147906415497301636813836498280828370530413581388258522601503574216284315030767729812977475525913657665935654697241318574845672096794492126903686991819227461090123620067039016529726157368697984660694472224175409446437998904186288980138972009451581199944226277790651582157209271573065648943702167817537320567900072698904958197038141016587221333332076549429629942595850523865415849134470024558665845509658739582792567375888449112733474415491435331192184061179355377998538098168363277730135000208356363986415563525813609464012202290735804277629658588742720215828355084799286922977927852362210319789967499441965063539337750839409587379434513275261939450445104516641744866003690010088405108689379758199552138573153764503171584139675405167165331843039900104654435646847415625963998332663495771421783723690916571944401765109694374218893235306418178230071340679818918436293548243598406557101137428651605172626541932599665199034705280906165088611884753774253481493276851898343733861784750313668238166652466723147566463432111943696978255021014328665619850534966668002870434136915027417236866784395686477404653100792238318690117737467974556974124885481410387610595660620491584793393721392846663634996850652266247775532324940372888047398445957975468361480945251702939226323018814203408831365790702119643179739022672326226716966739750286730556709836245337905021485350192774638726992992112477161080233742762510293901530981401896509166356898251320044894443981556257032804044372780208964533590336684591203443850490199133272250089514459111762847659949607680352147641698948374223052396190305573786891187274414813441680877926481554220227390600375770282364826984523198941077031614758230440835946877066019144044406451488982914101732945966531889264729760441785169626629378856407972649761312696388623915906297051010476862664503248541508640608576101188478352059746187369385516779224929664678958972932298977282702991139052161345419811500543151720026096010287714754740213500210426509271012756946745440465849350529332236302736086159949642475727671139671394268203011785504314123418503435402739636759949314211271867082778912317619171796546337473420685753471931123557988088990413625134745865207911326709671870498960474323518655574100643880363874270819225645411025405560143754884531298999735902523304664044305747356455317336144628009107067203058905737120975892020220695887723982553868270734796012032614970645081393476586685656948794432372198439414152821267946612483528979520288867488811870011036605733148022223031131936952688730014184907755462542133313043945238782523874325522409340544244361109006094823966735635485613442448224310334586153224892136436250178571600467586675659501270096923700766185837263021539609234849847462453191355752854861955708963128394668593039159524208129337505247212930197020076872786018401869304774448777794921571485832510071782192844460484016316387302338721147154284642492833784473874012615062795453469048540524312351474178515251900407560525347976548806643596510167079900555307115168572383307250207822100718366722762495255838784830578662527794746124043107693282635540293429959957983826517440306798290856650388787013167390424187258716764483356639589871157083840297617775965474205156405175094884566822577027193904916835436089200145765571366942333934013320940954880149926198739303701396283893121249457537695577336635574201223293871967348040124779324707845426435638051701467616117193637214516824915360076627998473661330829908618238807286004434841152009235288700910323345523093251426724664560990455365101587036426953546079774470270877208722381368153952029708319197028385106552556105187642164409457834254761216464598491639030027289333025389476139954791038394063017166666280307212444127355800930018930879640919489671943524454251841312733597176549951871276241612525768187478900588933399970915919220329684719696429974337332871112054345550295997159976630383360468044215385978341255437104474308540312785609075459028475606750147338675243249339405862895904695014665288227791541265090858460934632768035792716191935635209807844981363913939858928614373394780107026907223969359322803633781667123617956188872940177815629211466145702770402732483079527644687315715293727346929837205230188417725057643847505807526786347639448667705578741422979809940894031473638758630004770121240830583101995377958132145252976247049236680388042065207714606543702205908453298901355056145047397029108693299622285691175530824814216472709780518726231179998980414446995869486260788997826748049195191299644656025083492376077165304155582580260860655666745442066445206503214746397412627497754741561573394816331739095207196943127136076073850363190833914552332733210637441193704481301721112043171189047655806965010311914572351028299322966399227017480751851393981664821818894592084326537125047902010343798517226491478979080517729206574178035032939052479706409902412935345680509329601259115943410164783750902028836710250422739587483776435381811707966601836983645892847956252571364378011762607187513848195954005413211798954063886863031202709930772199379482848483665268179468679802258601808809740282991148196283957907185997511913979371484060749441751878513295528225513108978345031443384731076923763514888630166440512346116047788131590640972055791903864949987413211809650370266116191356675420213346392069649911221852928866775282977451476944375091208808720904576843868275747621266747778219696092389491809957799443410135085537440198159507118774600770293137368973410724943075860505518703318476308004779397898798443302784066559842765459478308085347797895507525289284491558091427064756949814969649604330772338411972407335907964105388096138196204858604832982087599837970056839162941880997363353088588877559726976392006223279786264616723321055563575554297223825371269439488390911112036112516323990317279399776936091617156808961252329271157069272300409122470833412628332667426030407216235009919611306049647545123821464253904160530623865363774924977473856268060952133909786979785707321695709142493911636748522409693208630294077520971148424535389157036064930516088728767774576365676209268662952580510135712888452013340298898668427745434254222465962347808640688958998615294720157399428879629478203132578077535735672742795509618762343655129989426440753797597307974233668662466759678884885512000325782431739188841112577572296517958608437281098458884915784295422252241439290796408987987548481922616539120265774634241087696046509408756077208967972428687533412455232307740693577482047715976904055497990882888941405278809835938782113840233223920263301129881944279235682533033812095956653294081900830125256595585242485113074032904189944921739328113818312390086491911731304340456399730473034114864770803551027707599444760315248778980823100992264112940406721234239065193054370861207667014959927264570602462037580897606759167963242204617965361765352179614423178571288514295271696910431213408877079981725316123483403934133445526717467993471030525179971278331312629468080374522664239948069344983244522250789905463166635899093887980245452006147025456642907758040533244315037291557681819641787225069287002311766392147596003035694750509558824164978802969642518897374228611197915939522516206370413690060691484618151995361996750055014976056089023055887819894284639683559547366136898715132298230708041999993814740177821089575906555825585816389193787844864201310950815003718309117202984380938796147492819848021900592420542657278522554978349840323416258706268575543981159611445078500751642205751600698552674063525761493349841349685888990860257786806809986247570371300132917099223164738698256539178672677494093757683333323535588683514054931826514856483060494289538174596582346390308969368502741766083782598378966474373437012626228720786512435456801217203141544275669970795358578263959768304039591501110588182006804159308913995062905604643669305391976079533197333236228477546355237881772730831060263167744212414065004771023075107436699112505376961378392244976773580031865515305837300821961017563542603960691687730909450355588889455272557655736063926520800158660446310793860085837558027429885739888897759767842650153492733375602561876261068024332938176189101006368984848740780463923667861257249463989698186756536649711858398550143074636817263543592591773244200724195551689235959811977394894874050018842018421395832505639399293118776872677319989445375519977176570598131441526832659930373472627132877091029197245903433432290832257538263942652372404436498108399898984901865091478964856551067548644759574782822845408019526569255218951482699210693273780931122744367202398688301883964959561511650668036506266180450191798403185896055744090094798292349301294031181845375457355747010040256292592693884619408991100575604053199207580719293202417286056086595009122712007962933805256625815274356914903483423658851710158468267148793377850518177486075870655454315608468423853696846666912838732536366127786701774915787022263850997602608035526250203821220889936895423607496944235058194775051669583620337233765963001629437639401508358600305984653356318827700851981946004901905002375322662130739159471566010083587648881896542871449429088078014141167587564946944360604184297302327637530677709256233420476918797493721392017966976317815350431001679395754718316644730858123826416744860275158223515066688348949662137651354237563120038186908400395888686783679457149607367807368968317551012517600574032416213640119067804494356470718367433202478550171406622561858075502014444392426855204879630971589110976590249430675106849171404053565216579793621601114431527927413179318881609014589590483411512336348748033626053526155024135036873344207002226058102358326089614589410319566027607244297125625622484641223946856365495698091608111725696886704272156720673642522793401871259178784315738240616564918589994721364094510359964413730921420236812608274909285158324961693150188930512605477185918836856761866025210441234103092138265555741152717853378733582472010775096254887013460127661077773101066807043861617782525672250559792940749216558455387256343444442302856106537115352804120327171516154648326724587497295699672742871088069287149868937917753337634705413569494040228776969027984388146791718557964558919545899944052953900683899925678854059959264058230686899105235219455161384133099422923465010069242346214717165316163153164035979253126665610901758844328521390564554941874761149512020861687691553071402666207464379195781974167263181798032548676779037158136087667477952661053757611250696157016935690061124043820682806072902800665924478940328294506060726471983610442945850256960052031547885366279941648012480817777335383380501423809869708209642152588540240539645589201373667985930495196908087091854720426701331455315710574045501139995768516241151086108010435907533761678468470787764441469868920661800529768785676541917462709807068265831028464134226588503183794782720079362775131654807765222382339265166747054322341484411032630109286954239322293462026542592961848031602664697895407313211551548149908031405544653045803474178550635685774361717736069162041193566225486410324152841989499983907137073251550774358266765503540011155423269090386278644201921079327418084721089142736046338381095149701357104575417203874735918456648530050890294142234538570105442430922797711940927592934091493636692382772016543415553867616280614188811387055779980976415600895645668581389004594313577313052262820392834173201966657367066296034870038363098767695621948508006865904793289897255242250389578578268876108701714984289896784308492158245358732229062120063531013218127188096320567250961307299448434371061015688958160445615583713225554284385744203754716575963975693410384436324201621788380678513976402834449272836825468285211837647294015142388366198201713584826267299385907241111990667745594934054842738063968329593717270921932940199333175137973740754300192157871904479793443197977404206821713514956972756447190206765511001405765581274117730270319451191867243618161049338438357672820076205677907589469830653013336953650532646888170213004778973309591859866618522879853774186046987372516630009798577562754504297602806787588688992661980577084955217871599666759785111863435358717828694557463410420789339384634159518368883016687007748207515259505122629726790716568441248065050745344239977984593416213789922188391043201916922755936865815144557522682056001294954248566980928578968016623630525124029755312764665616129490720044206164762295588885040716036937289345098897681142637342273779682699666997587479331632071931143393817041037609319709987712997030464956542869765980948456074618400729884205157038443532899138374839757182463031718738956209916312713037881139818107755043743654958843668633708146253452827585540651742424714381457896073314388042087478686096645732937532396139320028590288308458493635449523296189542925945906069441903520136864932404518680154925629466418735477089832618959251489990922777998400614916838490177154625264173560798434451723123000731504283600615976723544852413623398894951901769378416515388388467291887461959185049592206082731697262984970283359742502580064248859901942062510676280030797512935303345995144476961072128237101228139613480277630667929772971270230491867418162598160966454147010328545124425131533942937141517177763407503048434262111258161341265464250681822586390816579658445703251684473277637702312441812591517914206689639240400535167478054876664103556974271482142421026585122726407110435380238268382918115651434242659244964487449239234404881877974336816726755505996495555012579064264223512710239462667804459423645026661328798094539319202838268115523420292622543161365446842423010278994638679140773438323568206487636135274885460896316459104908221322328144434094796349092455797053508233433324385691740583217338681715909036387390970623675032952960112539208799509971267862303257872777154245873370302237507404006277612053999194513587605601171291558537767012339352095016168164559530447944964786629637476825609907576379762399331395616640304549928912106917176069634305436427581813102541834187329858657809106851340804334572944022706407200616840654688134328729747584929482117280322251142383933633064543085984813944548455158272424766463598926364898086471803118934810604600340387876361775513508265937817478357098961858664248886589496898706974370563850591437643715199049645448317178903543928255681013657260591602451507405730682418230865938315440942202100020194491593827928895428002869267262563083342601631257593655211340802068980333016880619266054530128721912620998016630373071496734357302720380616999240637519811969031141084478453477733167361677850444105675965162005396080134915643441976682962136625077990525498121322787824731395326860331124944340278775164512803725915843273181663504645245949145585966850298426784196964718949511789524773847237168619219075669757118973555811869639631430948705413743425318622393804136272230942130614773713497520264780435825021557423493782176351661533610092097580157694172020916014133587967515771769443577982040270166880692529165218754954730094787862310205665594515171104279707966739305678847219824288273114149724452378704029199356573261581192350327669096917811371044379815723662464698279721110386881120591352496692909105287483681230323552683831764196483698688350641903473096486429431147062818863231527050352913847737894694706770884313629976487820699152104676376190205729808192932796630199025550013121214087575713541702370094793339099750648613283892508618261917485087312832338358628444768766922075982608322804257825198924560104950325363891981413408915560206858246085318564056465672723277709579164046051242407216039932279237884594462295085034270988694200812456555387567115901138686616806017140949227911839563343073453213682839918887059432949696408882679482789245154564162075636566450150307211489191832695547242973996550912983784578535958716014022451521500286356097153771255315999100433439048760672043644242312451900168754140859933273677351396229866850497120563820666538815866390158279584163592819459224522539741023358079624806400000000000000000000000000000000000000000000000000000000000000000000000000000000000000000000000000000000000000000000000000000000000000000000000000000000000000000000000000000000000000000000000000000000000000000000000000000000000000000000000000000000000000000000000000000000000000000000000000000000000000000000000000000000000000000000000000000000000000000000000000000000000000000000000000000000000000000000000000000000000000000000000000000000000000000000000000000000000000000000000000000000000000000000000000000000000000000000000000000000000000000000000000000000000000000000000000000000000000000000000000000000000000000000000000000000000000000000000000000000000000000000000000000000000000000000000000000000000000000000000000000000000000000000000000000000000000000000000000000000000000000000000000000000000000000000000000000000000000000000000000000000000000000000000000000000000000000000000000000000000000000000000000000000000000000000000000000000000000000000000000000000000000000000000000000000000000000000000000000000000000000000000000000000000000000000000000000000000000000000000000000000000000000000000000000000000000000000000000000000000000000000000000000000000000000000000000000000000000000000000000000000000000000000000000000000000000000000000000000000000000000000000000000000000000000000000000000000000000000000000000000000000000000000000000000000000000000000000000000000000000000000000000000000000000000000000000000000000000000000000000000000000000000000000000000000000000000000000000000000000000000000000000000000000000000000000000000000000000000000000000000000000000000000000000000000000000000000000000000000000000000000000000000000000000000000000000000000000000000000000000000000000000000000000000000000000000000000000000000000000000000000000000000000000000000000000000000000000000000000000000000000000000000000000000000000000000000000000000000000000000000000000000000000000000000000000000000000000000000000000000000000000000000000000000000000000000000000000000000000000000000000000000000000000000000000000000000000000000000000000000000000000000000000000000000000000000000000000000000000000000000000000000000000000000000000000000000000000000000000000000000000000000000000000000000000000000000000000000000000000000000000000000000000000000000000000000000000000000000000000000000000000000000000000000000000000000000000000000000000000000000000000000000000000000000000000000000000000000000000000000000000000000000000000000000000000000000000000000000000000000000000000000000000000000000000000000000000000000000000000000000000000000000000000000000000000000000000000000000000000000000000000000000000000000000000000000000000000000000000000000000000000000000000000000000000000000000000000000000000000000000000000000000000000000000000000000000000000000000000000000000000000000000000000000000000000000000000000000000000000000000000000000000000000000000000000000000000000000000000000000000000000000000000000000000000000000000000000000000000000000000000000000000000000000000000000000000000000000000000000000000000000000000000000000000000000000000000000000000000000000000000000000000000000000000000000000000000000000000000000000000000000000000000000000000000000000000000000000000000000000000000000000000000000000000000000000000000000000000000000000000000000000000000000000000000000000000000000000000000000000000000000000000000000000000000000000000000000000000000000000000000000000000000000000000000000000000000000000000000000000000000000000000000000000000000000000000000000000000000000000000000000000000000000000000000000000000000000000000000000000000000000000000000000000000000000000000000000000000000000000000000000000000000000000000000000000000000000000000000000000000000000000000000000000000000000000000000000000000000000000000000000000000000000000000000000000000000000000000000000000000000000000000000000000000000000000000000000000000000000000000000000000000000000000000000000000000000000000000000000000000000000000000000000000000000000000000000000000000000000000000000000000000000000000000000000000000000000000000000000000000000000000000000000000000000000000000000000000000000000000000000000000000000000000000000000000000000000000000000000000000000000000000000000000000000000000000000000000000000000000000000000000000000000000000000000000000000000000000000000000000000000000000000000000000000000000000000000000000000000000000000000000000000000000000000000000000000000000000000000000000000000000000000000000000000000000000000000000000000000000000000000000000000000000000000000000000000000000000000000000000000000000000000000000000000000000000000000000000000000000000000000000000000000000000000000000000000000000000000000000000000000000000000000000000000000000000000000000000000000000000000000000000000000000000000000000000000000000000000000000000000000000000000000000000000000000000000000000000000000000000000000000000000000000000000000000000000000000000000000000000000000000000000000000000000000000000000000000000000000000000000000000000000000000000000000000000000000000000000000000000000000000000000000000000000000000000000000000000000000000000000000000000000000000000000000000000000000000000000000000000000000000000000000000000000000000000000000000000000000000000000000000000000000000000000000000000000000000000000000000000000000000000000000000000000000000000000000000000000000000000000000000000000000000000000000000000000000000000000000000000000000000000000000000000000000000000000000000000000000000000000000000000000000000000000000000000000000000000000000000000000000000000000000000000000000000000000000000000000000000000000000000000000000000000000000000000000000000000000000000000000000000000000000000000000000000000000000000000000000000000000000000000000000000000000000000000000000000000000000000000000000000000000000000000000000000000000000000000000000000000000000000000000000000000000000000000000000000000000000000000000000000000000000000000000000000000000000000000000000000000000000000000000000000000000000000000000000000000000000000000000000000000000000000000000000000000000000000000000000000000000000000000000000000000000000000000000000000000000000000000000000000000000000000000000000000000000000000000000000000000000000000000000000000000000000000000000000000000000000000000000000000000000000000000000000000000000000000000000000000000000000000000000000000000000000000000000000000000000000000000000000000000000000000000000000000000000000000000000000000000000000000000000000000000000000000000000000000000000000000000000000000000000000000000000000000000000000000000000000000000000000000000000000000000000000000000000000000000000000000000000000000000000000000000000000000000000000000000000000000000000000000000000000000000000000
* UtilsTest: test method 3 - checkExpectedException()
]]></system-out>
  <system-err><![CDATA[]]></system-err>
</testsuite>
